0.7222269731080885
0.7016137974544698
0.6957009397315035
0.6982080067778044
0.7022082164778586
0.6942281235417942
0.6949771825578033
0.7011594382239826
0.7219999258538211
0.697593870629204
0.6967888466160432
0.6940629168930373
0.7190416396446192
0.7254109542317484
0.7162693945454404
0.7568337904294402
0.7117521992502951
0.6755153758567891
0.7091925846854035
0.7263337598926107
0.7029614532133434
0.705562113542957
0.7016866603668114
0.7005179405658469
0.7174636201404282
0.6992569094156343
0.6901355252741861
0.7533744894139844
0.743747744361919
0.691364283916933
0.7132935611474979
0.7187578256308529
0.7088008778333592
0.7234868628977338
0.7015820939317629
0.7084674610253862
0.7130887894689122
0.7362115808168849
0.7082425248367438
0.6976509547473139
0.6967553024629958
0.7226341981198625
0.7069832799630071
0.712071564209651
0.7093461101625177
0.7126007663337643
0.7041774035320455
0.6913065574038052
0.7187490672112777
0.7223339766829033
0.7031462006521748
0.710487264420403
0.7013803228017038
0.7053415394794752
0.7257884510962992
0.6885025412616058
0.6971955961648209
0.6881004757421417
0.6972597736588709
0.710507506439069
0.7067584549130635
0.7204767458944034
0.6966948720846392
0.7172615268911119
0.7106952751338272
0.7157680765487341
0.699032232582896
0.7050517947253977
0.7088331038129498
0.7149848424740602
0.7259558932703782
0.6891120521984853
0.6980583246420522
0.7008461798648139
0.6918268040014147
0.6795283231893365
0.6955598659316297
0.6893252973279704
0.7018741126718322
0.689991259927487
0.6966090107917738
0.6978695190004347
0.7457765465387668
0.6905429216483103
0.6932034359742516
0.6961268468482428
0.6906949178001703
0.6971647568227186
0.6964481682586887
0.6925291958521134
0.698103633759717
0.6961604976284289
0.7028140678517155
0.6949964270731456
0.6985529985238106
0.6899751099139644
0.696298793220454
0.6970526038588378
0.6913479620877966
0.6900681314527694
0.691516900875688
0.6876086784719233
0.6962532075636212
0.6914684100011099
0.690666652684074
0.7261778259132229
0.7022726444937972
0.6984017869283542
0.6963418247972637
0.6916430216774825
0.6964673687325893
0.7026511684007699
0.7025226594103277
0.7154055628813696
0.6937734034534581
0.7004261644163706
0.6988356878958703
0.6954912809992813
0.6996747358857269
0.7351414838623908
0.7197516917286346
0.7047823257683358
0.7056110200114498
0.7105471517530214
0.7125011952661392
0.6976955791691349
0.6944313882881468
0.6968630636318093
0.7068575672106738
0.7212116805022236
0.7072344020679987
0.7126430524508722
0.7173602273370575
0.704884196494363
0.7088550102926994
0.705053941059961
0.7028189092588875
0.7084999749239672
0.7235212464318121
0.7130085896960215
0.7174677194909157
0.7052353582580045
0.7140422608140714
0.7188222666433134
0.7252584683947473
0.6899642120107343
0.7018113655680677
0.6985671272507968
0.7073942846260373
0.6976148817131621
0.7168263330566568
0.6889283343227184
0.7101293316267451
0.700480625486479
0.7054935387877669
0.6992528201300338
0.6869854924548189
0.6983239742161207
0.7062177682016847
0.6998581744797175
0.7074580980936165
0.696845559445094
0.726674926247139
0.726710162592008
0.7325451345147872
0.7226264569683268
0.6901848885376488
0.7146461551000604
0.7114734624426708
0.7137069958941835
0.7198689646845142
0.7108263182330589
0.7042094675427022
0.7134986793982877
0.7061518311332535
0.7229208093582369
0.7233766592628674
0.7140090569815665
0.7370985369782375
0.732722457984962
0.7287151581522562
0.7312778294918848
0.6958684354039933
0.7059087205625464
0.7306858508054337
0.7154226582837921
0.7254451745305089
0.7028125718433
0.7130632943080994
0.7111792609140315
0.7146461954361524
0.7150629557936946
0.6984211740325238
0.7106096137022903
0.7143362897621811
0.7121526030507624
0.7189665514380368
0.6930746206872905
0.7154243213259062
0.697355602369972
0.7133632885061821
0.7236437421436012
0.7123635875696249
0.7068909675064972
0.7162610319967561
0.7219158131000358
0.7134293276099506
0.6952529882401178
0.7051322837122335
0.6972132003594149
0.6910659758172165
0.6923269741428626
0.7086699870258645
0.7029190989593342
0.6934901795765959
0.6898066865882343
0.6861132040427594
0.7014969931495957
0.7059825351794448
0.6981159361118323
0.7031182429411988
0.7051336700714909
0.6918101132289796
0.7405325393084321
0.7215121822250836
0.7287431382090309
0.7114073487105578
0.7053067549938199
0.7042259676072196
0.7113696846108196
0.7130063606189928
0.704516637199357
0.7199493857880557
0.7076461807114637
0.7269787476402483
0.6977182331469324
0.7152181439145382
0.7142134676050462
0.6988352848687186
0.7017573990619947
0.7085050663606678
0.7085384529104537
0.7090758239883226
0.7150997844315093
0.7046308928283361
0.7101419848057281
0.72889232541533
0.7200313270106905
0.7197453377807468
0.7061630358018846
0.7144701008181317
0.7099984298803587
0.7067931029821131
0.7018962239596181
0.7171258766528902
0.7343274252672364
0.6803118849092743
0.7136937141070885
0.6836502515788846
0.700559655895461
0.7055707953541462
0.705935772439383
0.6943050374808319
0.7091016853869282
0.7230142753622419
0.7238984743728475
0.7265247388494402
0.711577076241152
0.6724083502522664
0.7270224785961532
0.7315292438177049
0.7104757227300822
0.7077084930712303
0.7164773922739104
0.7080148537581353
0.7191601690477414
0.7070213874265366
0.6951204472831296
0.7142959057030452
0.7049015996458501
0.7184392981427246
0.7224511891742842
0.7016824070601453
0.6955770557125118
0.711889870763521
0.7036256881306934
0.7173054472277515
0.7060360473707542
0.725566290180257
0.7085851517305561
0.6969173575288624
0.7049945405533703
0.7144402748965836
0.7112567964896641
0.7043838141820677
0.6959576060970539
0.6804432107378635
0.7101167744678344
0.6688321242106267
0.701507645378806
0.6943489414961963
0.6884491108148393
0.7028924456472814
0.7071736667866432
0.6903313761368319
0.7004406103655514
0.7193025608473721
0.7080238955529558
0.7168128232544849
0.726768099838752
0.7137494387233205
0.7334116695613853
0.7361952975652102
0.7016124149071022
0.7077689671118574
0.7170505148846396
0.7052686629534262
0.7280326479145083
0.7283609478370907
0.7229703558616891
0.7332896726771904
0.6868454767482834
0.6921230154085846
0.722461991320914
0.7476648692983222
0.7261404886853254
0.7346295061452269
0.712098594310452
0.7132470047559741
0.7260477895442279
0.7147259377020426
0.706538284720058
0.7145671969443116
0.7241737328982003
0.7209669963970027
0.7198657234610385
0.7242886569570883
0.7133964077051221
0.6910250836699808
0.6747860595882101
0.7339856515973239
0.7182689975095947
0.7072124493212132
0.729676370927991
0.7298899609442898
0.7026195192093394
0.7251672436075152
0.7310514301495648
0.720930138568834
0.7088868297156139
0.7244398366993369
0.719673242987963
0.7067727405962975
0.6986469635988535
0.7187191226904216
0.7109634999384039
0.7004228063954986
0.7241600014636209
0.698300123434782
0.7135485513105222
0.6947279741700508
0.7219168944092976
0.7135583991176525
0.7082571680866524
0.7081806638787022
0.7243964763746477
0.70832385325788
0.7147956001283498
0.7151528950654273
0.7175707614067476
0.7059786676826417
0.7021236326956061
0.6993009589401917
0.6968714027079356
0.6873644043120193
0.7013315125641316
0.7072471130655867
0.7328281077536916
0.7050872338964439
0.7043396714964237
0.6968021898914106
0.6960266799642633
0.6965860581015118
0.7146762161824339
0.7473790969213939
0.7193382822345621
0.7074824727104868
0.7134913086601352
0.692194830786993
0.7019821357075178
0.7175746511845107
0.7104136690627612
0.7158954001245142
0.7242353737534034
0.7032384706113903
0.705094845456172
0.7010594807540104
0.7090072373842591
0.7109376825277305
0.7027590070959198
0.6886290853899772
0.7120292419892096
0.7127874338989757
0.7031771473044344
0.7159084973485844
0.706773542802619
0.7045494906655436
0.7047334885687333
0.7205265112274846
0.7008599903415138
0.6930302470947969
0.7132754409861796
0.6856824713798919
0.7108668581014516
0.7232008291727744
0.7250803465719154
0.7317588695408694
0.6987853041179481
0.7136691287030773
0.7022724761999719
0.6937199173506332
0.713459022418692
0.7079363797181121
0.7111023502886796
0.6912318333099876
0.6977839253939782
0.7011945716061257
0.7048959815476863
0.6954156845752637
0.7131743573713613
0.7026063338337882
0.7028761930366489
0.7157994592438472
0.6939331538574197
0.7065932185210598
0.704593251334298
0.7254925690523018
0.699511853579859
0.7259513324060861
0.7181567508475875
0.671601994785848
0.6727678894841422
0.6857757121921385
0.6919747778964904
0.7063602960328899
0.7121298773991411
0.6901208961658688
0.6952348685377123
0.7283206040166362
0.6755510079168597
0.7083412532297104
0.7049335740432578
0.7100089785004933
0.7289482878813842
0.7130875936372175
0.7473777358533846
0.7346549293178208
0.7149911733449618
0.7276372419904363
0.7478493571692322
0.7233408332348923
0.7237149994916587
0.7311431963581942
0.7257648209262324
0.7101290635333015
0.7100494332734737
0.7118397594828961
0.7147147730422939
0.7174772055117034
0.7190327171249776
0.7109889958101688
0.7188170204275688
0.719562180355051
0.720474761892697
0.6767315873310626
0.7117926013288723
0.7062493102247126
0.7190953139070548
0.7275712099761268
0.6858289717494414
0.7130688311529132
0.7108496845842163
0.7132939375940495
0.7122424213819927
0.7068818619324522
0.7192260963175894
0.7135841880061766
0.7158401941901432
0.7175065802438652
0.7047532820626745
0.7169997099825722
0.709479000086638
0.7261115006084452
0.7382351296141331
0.7346417557938989
0.7301524809282312
0.7065959460989119
0.7334139380557967
0.739292025091946
0.7314914814087026
0.7358453541564444
0.7351570098162953
0.7372995891772719
0.7305555307793811
0.717324008791899
0.7041857656470337
0.7238953476752087
0.7409831507716512
0.7449784663471639
0.7364551982113512
0.7409721955814174
0.7458949183922011
0.7330886476802401
0.7649903587715483
0.7170771990866359
0.7413834844562339
0.7306221450713014
0.73266948386023
0.7383535019202404
0.7418026361420201
0.7380955561674712
0.7140711773074603
0.7192071952646006
0.7194467646712137
0.746504906088368
0.7492673809637019
0.7233621466263647
0.7432054535470262
0.7430827408051441
0.7589121916185851
0.740913738349537
0.7305482603833944
0.7354545840598117
0.7312184439561393
0.7291372587856791
0.7512517878022581
0.751982716867869
0.7235919340891047
0.7301009993082648
0.7237729125335095
0.7316517743833566
0.7228450204531719
0.7169967018651784
0.7277129574407419
0.7080162903755279
0.7268237139238232
0.7255208765781528
0.7110627941461789
0.727204403329782
0.7408886897403788
0.7274912506138861
0.7160189212537788
0.7287181253436871
0.7454093381698612
0.7376681720159052
0.7193020572300485
0.7100874856556986
0.7378337616632734
0.7185084938980777
0.731369346560584
0.7184212499695894
0.7009623163386438
0.7256328696798627
0.7415565050157276
0.725501528340664
0.741012831531843
0.7343407181874403
0.7220155766715032
0.7182036869523474
0.7055640939662714
0.709009271807956
0.7075824481160998
0.7082135661510737
0.7151105947654833
0.7310442750381502
0.733916990111559
0.7233536343330101
0.723954644504835
0.7141176452525811
0.7147991444291789
0.7313354466338521
0.7727912725902725
0.7408039156015722
0.7127713192216394
0.7194810934005363
0.7321195527817524
0.7280058049512992
0.7214525912435077
0.7234609677402034
0.7227106285677842
0.7308115786572544
0.7258301232008324
0.7245471138826066
0.7125420763885453
0.7130166651816229
0.7317429344502182
0.7201440193067872
0.7234951338509485
0.7356770851227046
0.7501555532111452
0.7262081925847624
0.7237228283276831
0.7374301318669846
0.7403539164470021
0.7333635720337998
0.7393476992490362
0.7183020321170475
0.7169581617385737
0.7467025411246375
0.7466594601010779
0.7447549257745187
0.7401646718390023
0.7107269530142107
0.7365141171523543
0.7389259794178878
0.7370994468982123
0.7411751192993851
0.7599315776503764
0.7311086657968546
0.7166186725745601
0.7355632095846625
0.7299102544631093
0.7253913431292611
0.7322274501593085
0.7328621951196833
0.7355537540643011
