0.7052895434459268
0.6868170214097359
0.6771995168542252
0.6793867058200105
0.6933067833513759
0.6747082257214225
0.6812237689264801
0.6856059197232924
0.702944209335685
0.6936498770143392
0.6704789145270087
0.6793484024485267
0.6971100863656984
0.7060050560930646
0.6999827355693999
0.7317347106447905
0.6921499325534508
0.6644351609312723
0.7113270681211636
0.7132200135893825
0.6851054178980168
0.6934634630181156
0.6854178496804371
0.6827170362465353
0.6991406085831252
0.6813311205826985
0.6731716009307317
0.7448941236966468
0.7202464215846837
0.6738459483772536
0.7097708370584703
0.7107297956881264
0.6963446853254541
0.7128852732235889
0.7025357291493614
0.6941428762161973
0.697788920157665
0.7196854907274771
0.6918666382672445
0.7062377899684492
0.6782053858277486
0.7099536721806203
0.6920580773860103
0.6956640741562711
0.7190826988858734
0.6922497592810622
0.6901673963628244
0.7100799670105614
0.7012700769455615
0.7039148708944973
0.6800735020602744
0.692884720646685
0.68398745649497
0.6905306203820221
0.7108668135326417
0.6690370243882411
0.6768470002872544
0.670371465983014
0.6783572469376077
0.6990993577441319
0.6838295496162718
0.6966772137477414
0.6776709028835268
0.6997988927828522
0.691473917141235
0.7009300625856261
0.6833739613909579
0.6898632235702803
0.6902520817794607
0.696199872886019
0.7082983634646315
0.6721014630321092
0.680831303074591
0.6812747614558334
0.674955405796106
0.6648024672751851
0.6848449025150986
0.671971548044845
0.6820874804751923
0.6724002614482812
0.6788405453317335
0.6825960033437619
0.7382767823941694
0.6723674263210845
0.6757977189276637
0.6794875289320658
0.6736391538446515
0.6856721460149193
0.6810658120000089
0.6777407274391897
0.6788670256282747
0.6801129100246097
0.6878352835910058
0.6708124861262759
0.6877294081738572
0.6658822505739868
0.6850758595850155
0.6840075072414284
0.6835292782602452
0.6791239608879226
0.6880960900872848
0.678156024922854
0.689371793811594
0.6868582503071512
0.6874674734411185
0.7239986822752645
0.7022239060216968
0.6958586891363001
0.6903085045901067
0.6760662388147338
0.6900108621408904
0.7000869294451225
0.6967431817468321
0.7153295448638495
0.6902724976032403
0.6969505051849467
0.6947688029136956
0.6904519344373
0.6948781651249282
0.750100596985732
0.7214770414189196
0.70267603673231
0.697693925817773
0.733430103575568
0.7100130770970827
0.6949899968461207
0.6937397804365006
0.6986834753531979
0.7099434737936875
0.7441359905680416
0.708778067548279
0.7142505300690142
0.7391584061935165
0.7050216091340893
0.735321283234555
0.7142923881495657
0.7097092907222098
0.7124456463580102
0.7325393838786667
0.7135743946871836
0.7405672580656095
0.7407313007917873
0.716219350361322
0.7245353686163549
0.7397141839987339
0.6920779447625787
0.7124726910640802
0.7043175378974409
0.7107364480860396
0.7014663047552259
0.7225134884988023
0.7014279412303808
0.7177808190424284
0.7081624195016383
0.7120274983491669
0.7041592401751148
0.6936526444517194
0.7037559521647836
0.7129334024706189
0.7051476912107119
0.7149456798802125
0.7082031541549233
0.7337220459833419
0.7340657350548293
0.7391255749614755
0.7300288031932409
0.698313107193949
0.721804328805882
0.7192406209360531
0.7250170316378358
0.7285132216441746
0.7205632482375355
0.7150142635631557
0.7258056285531603
0.7194551772784102
0.738306045877537
0.7331296809485415
0.7338621160951752
0.7481172110408058
0.7435476001419252
0.7410532689280559
0.7429788482190872
0.7075348022345865
0.7160769652049438
0.7392737802127586
0.7260822992097429
0.7370758960880158
0.715559204690263
0.7318602128026168
0.7300573519207383
0.7287868490820636
0.7340176646706925
0.7243337294577352
0.7309493566791407
0.7336890383677911
0.7317022619849063
0.7393807752756928
0.7111117601740149
0.7393566227685305
0.7117480063843451
0.7290912743619515
0.7401572812328671
0.7290459211518798
0.7233514636646281
0.7415214817555131
0.7471579948071695
0.7411602806698867
0.7147827777605429
0.7272424088365487
0.7155664997602333
0.7153848306947732
0.7156640040834135
0.7307115931326131
0.7285782071385419
0.7084632629992723
0.7097087981293154
0.7075282392618129
0.7191929710241737
0.7038505775667372
0.720624262569016
0.7249469377198853
0.7308262310325195
0.7114064721739746
0.7679648654885718
0.7464712699137749
0.7569598018259212
0.7328058234063279
0.7284138713101161
0.7252311118114055
0.731328638974637
0.7340800276644224
0.7248108265662664
0.7397617356947996
0.738822208809258
0.7484606687876183
0.719491884566649
0.728566769576485
0.7433815929240276
0.7249903054075852
0.7395578764040593
0.7505707915938669
0.7450450438080456
0.7465601252153363
0.7512204316131099
0.7404504058977054
0.7475423967128426
0.7709148579441509
0.7595048222622198
0.7543530713415381
0.7349708730787828
0.738354113653214
0.750522331256693
0.7520935143430566
0.745618038803421
0.7567131683512581
0.766738542919683
0.7071634578762303
0.7544489940317088
0.7145535436799264
0.7271593554954885
0.7385223203294157
0.7393590456560447
0.7257614270830903
0.7486756470526761
0.7545790294552343
0.7503238749845482
0.7644495114278984
0.7495257835767692
0.7032793218563876
0.7669263048429971
0.7687973323966363
0.7524333654945082
0.7473250766513791
0.7568945860836682
0.7493315868683392
0.7577881065109756
0.7519334129426023
0.737144766712173
0.7531193388756866
0.7398268057153313
0.7496075071423585
0.766133906332862
0.7400547793771947
0.7358535965673428
0.7412461540939754
0.74136508699272
0.7566425877981393
0.7445247523372552
0.7617353499776403
0.7451118557857699
0.7359404993995984
0.7374752901199687
0.7474643154223152
0.7520346784523195
0.7424792070529206
0.7446726672517726
0.7257892028160756
0.771830378350859
0.7243524834486527
0.7440730755917728
0.7436097252528586
0.7338510840117444
0.7570560025437455
0.761664046902682
0.7493649493143272
0.7521108686392004
0.7477085536316544
0.7448336015526907
0.7508055591161957
0.7664550950517897
0.7448878582507295
0.7725972042454305
0.7599047377201691
0.7664429936498062
0.771283372849001
0.7810496595805251
0.7698032497679218
0.7570303089818674
0.7611992585055287
0.7611504051611437
0.7774823406145109
0.7359451634121075
0.7323192027600824
0.7682785012526911
0.7841082658523447
0.764065683981236
0.7610878668978622
0.7533922713801867
0.7545003917893304
0.7684135270803195
0.7540543092193713
0.7432635239649674
0.759676266495863
0.7606493323068221
0.7557390806375487
0.7547383336706329
0.7602570570593185
0.7602383609862752
0.7433790635493014
0.7201546542328642
0.7757977302100342
0.7568141509658831
0.7454730132754537
0.7725863313095831
0.7730651950815448
0.718513224821481
0.7675506986449077
0.7785128514722272
0.7487675767360796
0.7508984505268537
0.7612659595580604
0.7555550233920278
0.7437380528093289
0.741890869920418
0.7585194365303954
0.7501500201112367
0.7380089079954814
0.757630479971907
0.7407447788987639
0.7548914931246512
0.7372450921500765
0.773271842847063
0.7611099763932502
0.7499493848529257
0.7581737457655169
0.7776652786499635
0.75338978029832
0.7629008200382507
0.7697806815155465
0.761091139054794
0.7423205682671491
0.7529880585921263
0.7365497875250255
0.7358810850076888
0.7406365261294449
0.749268993624666
0.7582625594038936
0.7885794283216843
0.7536855005484927
0.7390536836149353
0.7445196219394578
0.7379894415711288
0.7402058448175891
0.757258241532872
0.7795516222088408
0.7688395978390029
0.7573240000596615
0.7639915747287297
0.7299262352887153
0.7443796979177805
0.7692934480994368
0.759386135904163
0.756862537471717
0.7664725917169991
0.7370536123918241
0.7547489726069274
0.7529572500217508
0.7499390962111888
0.7615720336510416
0.7509267699463276
0.7288246692645878
0.7594570891987208
0.7486385578464799
0.755431739398502
0.7719644873557789
0.7621084066063168
0.7488347127153441
0.7536346116302824
0.7625506043299476
0.7431839718210312
0.7482277163362505
0.765307494908509
0.7338030660739291
0.7626998046523635
0.7725974158687522
0.7533812245110665
0.7753504861422865
0.7479160159971409
0.7651514849315999
0.7606265349692184
0.7556688288515692
0.7676519176181646
0.7573077145637754
0.7508031086450381
0.736888254632541
0.7421910071242453
0.7411541788157197
0.7504132703692867
0.7431545595314559
0.7551776117539777
0.7514920701754194
0.7503454435843991
0.7658582840963031
0.7427126679422126
0.7578540537677019
0.7550845233432806
0.7787870468736794
0.748545632762275
0.7692140041869577
0.7658644792285552
0.727082159572505
0.7224577208452477
0.7341357086659942
0.738273560538451
0.7436440495922352
0.7474454609962663
0.7403070602614881
0.7435455121573995
0.7659114347251613
0.7184601775434087
0.740839760616196
0.7577105207175123
0.7363010675619271
0.7647297383704519
0.7643651556594883
0.8021119649639917
0.7917234504705505
0.7588567384248552
0.7775041112583826
0.807544865463358
0.7653236444661761
0.7683445840536903
0.7880226240505273
0.7808676614102269
0.7726673886827116
0.7742909393324702
0.770509218904019
0.7741199519773477
0.7635603110817768
0.7568392173501377
0.7680186738249414
0.7703767680766602
0.7783167788066891
0.7683572331989985
0.7152095738175481
0.7703158704725211
0.7658378357468939
0.7562254211258812
0.7923638541708732
0.7318791434167392
0.7722998410299987
0.7669900021694083
0.7590429850844661
0.7597121317648661
0.7622398472385006
0.7517242175113098
0.7662493864211413
0.7787719695252634
0.7768331249287296
0.7476345283092626
0.7603225424132819
0.7725095894929711
0.782125505007776
0.7843571171241558
0.7907399538513299
0.7924287502887989
0.7647342605438163
0.7869015817989625
0.7830268503382153
0.7915531042928637
0.7811995144964823
0.7857126613024698
0.7866813742404303
0.7963029702833968
0.7602464499552275
0.7468811103990654
0.784617298304349
0.7924515031057885
0.7876251541709699
0.7967258945884875
0.7958849979944753
0.7935802851243063
0.779594206432539
0.8073363954785172
0.763474339971905
0.7993661935105068
0.7905836740127412
0.7804003948608965
0.7834511908140214
0.7811474599044571
0.7941691542245015
0.7824676728804892
0.781333751705145
0.771680852718945
0.8080756896758214
0.7914528783326545
0.7848984974746512
0.7982982974895871
0.8006949598932935
0.8001362211677383
0.7964416032548646
0.7875210168754986
0.7926479090489974
0.7901826693185274
0.7833782496238192
0.8023816572489154
0.8025784049764266
0.7766319962067474
0.7884966804468684
0.7705922885911868
0.7911419091405021
0.7822950075797761
0.7879452302835688
0.7722372620826975
0.7509836010952166
0.7747921804073352
0.7801882694033041
0.7616709206719895
0.7900660627963166
0.7954921888854413
0.7766308665430914
0.7773440555969273
0.7765470772268841
0.803554605031332
0.7970621023660236
0.7696599156172702
0.7860867971714565
0.7940066517554315
0.7782159841964644
0.7784054949011268
0.7739058783825413
0.7589999512821693
0.7897265436930768
0.8070949000868582
0.8041899513636458
0.7937680182207967
0.7928631988992886
0.7625818616109706
0.7681356259907253
0.7549274653618034
0.7758670463661785
0.7720526600040414
0.7711348364628501
0.764091689120151
0.7827193074008671
0.7749860427754376
0.7849996063596433
0.7813889215794998
0.775712615407296
0.7701865330205405
0.7973529253403271
0.8120412797762779
0.7842920459889912
0.7760282150049984
0.7719310303684588
0.7905752369748206
0.782067910038935
0.7754728659439544
0.7693116628413
0.7884665326793607
0.7702678884171729
0.7919243282878694
0.8054964217838928
0.7737588141742053
0.7620986851677161
0.7940736921005249
0.7806598698047563
0.7948285606336158
0.7991512440458521
0.8008697337335982
0.770469928123951
0.7679695066944471
0.8017887252747875
0.7890081385631214
0.7816967356534582
0.8046325035679448
0.7757972409050714
0.7596938315729176
0.8092709398294209
0.802720439384998
0.7982454749885743
0.7982361362656635
0.7473073045409482
0.7907784561350619
0.793743595906513
0.7900682308326937
0.7976834389396904
0.8162659524731856
0.79756927644851
0.7721822904283098
0.7811543477023936
0.7682153931122893
0.7874098315289686
0.7791488298191107
0.7934079017371961
0.8026823612771778
