0.7802914764526815
0.7720526167507556
0.7599815243435859
0.7660221598471075
0.7644225340285447
0.7563664649366441
0.756867543898758
0.7656198156299507
0.7830487954397014
0.7700647533023439
0.779113472830119
0.7860201364931431
0.7927212150649938
0.8016997495600129
0.7974736224920835
0.8258123803271141
0.792162189454824
0.7756150447861735
0.8007661093411523
0.8092771014098308
0.7927096778978487
0.7982510590912644
0.7949995935951985
0.7950852447621892
0.795669099636403
0.7915762333545651
0.7842449150843024
0.8310228380133573
0.8082611794366827
0.7833965424902911
0.8084458228049684
0.8111078528340775
0.8031031672026913
0.8080130508402413
0.7972390419124215
0.8054581520021402
0.8044180434804182
0.8124946402607254
0.801631700024013
0.8048099531918937
0.7916121050848883
0.8137657420321069
0.8018022139815751
0.8183488866130258
0.8123323047079296
0.7976332686702485
0.8001529343723573
0.81079445927781
0.8044935256509909
0.8113792078510573
0.7964078759011191
0.806100439589362
0.7955690027871031
0.7957451110473904
0.7962185803967624
0.7881131183481453
0.7918751241059437
0.7829775400894732
0.7898848901251481
0.7915654050609909
0.798061473691291
0.810994926954188
0.7802147368700105
0.7944420578881116
0.8013367648091949
0.8047961603273823
0.7957450840625143
0.7891343820040039
0.800299418026475
0.8013957025790497
0.8136412208156126
0.7822254002815102
0.7872667978294214
0.7918006641267641
0.7853158372169166
0.773888975331972
0.7976694987862016
0.7901308296537537
0.7981118810338177
0.792761971916439
0.795361419045723
0.8005356678268261
0.8383236360830989
0.7938387940212406
0.7915872464752557
0.7953573086494843
0.7926007253444578
0.7915650619979817
0.7935008764519413
0.7957921754633258
0.7932322233045379
0.7942694065799862
0.7890609565909611
0.7888968322668536
0.7970946194590254
0.7945888412586041
0.7943768927628779
0.7975082160145693
0.7971020459765737
0.7910599193627974
0.7893520894240168
0.7890682872275866
0.7965224014558133
0.7949593978297496
0.7923552353998737
0.821432552615656
0.8037055280132879
0.8010587367266176
0.7956353668165941
0.7756221988505624
0.7941271068019974
0.8027409684118022
0.8004167463205779
0.8041185893272901
0.7922898445507639
0.7987954035941126
0.7989757667377728
0.7924065191486023
0.7968233109608693
0.83607697480093
0.8144453026372965
0.8026208372082024
0.7924516469483429
0.8259409465039624
0.8104634625976973
0.7983995360794587
0.7974428880264451
0.8033216867670392
0.8121288409920905
0.8324870713384791
0.8108387294602848
0.816277134492484
0.8293097566737216
0.808370129308991
0.813396788413029
0.8096825813522119
0.8109744325376635
0.8098419311058077
0.82497921363825
0.8020285749721814
0.8288983141196093
0.8400706399661934
0.812733394399087
0.8173425300218693
0.8287309590338091
0.7940421041979643
0.8072400288064137
0.8042384665250355
0.8090006009712798
0.799460173285154
0.8128381407305676
0.8022747697614006
0.8116188191515945
0.8050357406742735
0.8097648701398008
0.8016425738994936
0.7913479281482371
0.8005377501841997
0.8063599716355806
0.8018646013199676
0.8072530616683272
0.8012368638786342
0.8201556297568674
0.8205925081768385
0.8251115415025329
0.8189231816655939
0.7900628533923818
0.8126456809122516
0.8118010767830757
0.8162096623797479
0.8160987097417962
0.8127902321236877
0.8072886499739031
0.8161925033774909
0.8118771437620135
0.8251960459480877
0.8157493460078608
0.8245233571517027
0.8306726701640982
0.8280312199950017
0.829341109852254
0.8301440587159259
0.8071203930847509
0.809412017699182
0.8251987894995833
0.8157023509542375
0.8204735736899199
0.8122287039173481
0.8209086182929997
0.8188252708241158
0.8165871292764498
0.8196346031155048
0.820677016469487
0.81780152439771
0.8205361933618037
0.8190290958435543
0.8232206252317534
0.8044022111258435
0.8236047920361474
0.8048048224799421
0.8152323525041577
0.8320777775793118
0.8172806556901179
0.8139871036196585
0.8273286839592909
0.8357966831917583
0.8315172550407044
0.8054017530040166
0.8152577146198802
0.8062721124058967
0.8033929627964167
0.8161326452993669
0.823536517480408
0.8200379731024664
0.8012018133771971
0.8047744676862734
0.8083847343732238
0.8161654718178191
0.7987879553407757
0.8140994169551703
0.8133842656997171
0.8163042154217265
0.8041837476280216
0.8446311035931844
0.8302692715453883
0.8355029418650511
0.8228225374423658
0.8205653186450934
0.8225059180945206
0.8245581262957542
0.8260542467841262
0.8171622326093544
0.8300272246944662
0.825711353601206
0.8338055423715716
0.8102540063472835
0.8147537864075023
0.8238672785079642
0.8171858200317499
0.8255398577015317
0.8320392830594509
0.8270801109972326
0.8259261792620735
0.833869729360211
0.8245201457618477
0.8308281894205897
0.8431685258146013
0.8326652645969538
0.8366107310470708
0.8243130953834393
0.8184231084888964
0.8305862456603156
0.8261990785802523
0.8251308024440017
0.8340848789237635
0.8424572197815506
0.8032780419973865
0.8363752473438439
0.8076037646097153
0.8165502378640019
0.8232239995835701
0.8296018833410314
0.8176199920248963
0.8303453320554381
0.8376777797708544
0.8368626869215415
0.8402990565848149
0.8313450596498799
0.7963745956000658
0.8439264944624009
0.8434201795279386
0.8329540879655348
0.8275592459235173
0.835380485397165
0.8261714624682905
0.8314286539571515
0.8300492373636208
0.8217664644715647
0.8325623071115185
0.8245595690847867
0.8211655270291149
0.8439500955037239
0.821025389989179
0.8238166056746296
0.819717757611921
0.8238881287724423
0.8370643937693311
0.8213130285849184
0.8383861555577863
0.8299130416869283
0.8235046226217377
0.8271128860690271
0.8296911466028981
0.834518055707081
0.8272142451956602
0.8259876403476613
0.8071924362674656
0.8393706655792224
0.8057509762298264
0.8304662211895394
0.8279016066093525
0.8181204135736161
0.8299379770855221
0.8342014844680727
0.8261033563285513
0.833055061634439
0.8304623324198023
0.8245879645521166
0.8268367778139414
0.8420703861612928
0.8264046963631331
0.8423710459370215
0.839022108672043
0.8409811496817569
0.8460578197330539
0.8503365702811889
0.8456721084702457
0.8334987603752332
0.8377016965462853
0.8457934669585228
0.8486408837786111
0.820253588972119
0.8206857198931323
0.8430886939748253
0.85439134133334
0.8348360253186394
0.8364996616463342
0.8315242550989743
0.837564042030899
0.84639597569093
0.8395471443884664
0.8209140995511359
0.8415012669395893
0.8398904530767141
0.8330181920235143
0.8406033057704998
0.8459399448580115
0.8433060998339482
0.8296603204199038
0.8081639849834116
0.8490629932938779
0.8296807360821004
0.8267448985707141
0.8426708745625092
0.8431197184379542
0.8070470516387436
0.8373330065516339
0.8512837417538561
0.8255684898744545
0.829705802432362
0.8341573349685092
0.8388069638644119
0.8280431381562152
0.8270893000356103
0.8360636432584393
0.8293884372826104
0.828608375700143
0.836441159398766
0.8239640026155731
0.8333746663557281
0.8220409548696688
0.8477510485846143
0.8340871592709463
0.8307245095810527
0.8339989293208075
0.8457145163990761
0.832008653018161
0.8399852721390318
0.8406830883138762
0.8387797996617126
0.8249805774397543
0.8309133613202928
0.8206955019346993
0.8188376125232577
0.8245408445620185
0.8316110844849226
0.8417891952996547
0.8600587267839531
0.8337611485864223
0.8315195968775683
0.8249147353620386
0.8209725589504874
0.8243887967568612
0.8320900938001232
0.8407578898288616
0.8408804173786071
0.8396845099380529
0.838941743243098
0.8124467170766548
0.8270913423717863
0.8425054198953699
0.8375383341027747
0.8320754562986437
0.837773741482118
0.8213912695557264
0.8306575439910229
0.8324412384067656
0.8314082034819666
0.8354261994530278
0.8328408097637876
0.817172076296206
0.842319925405023
0.8296495186261035
0.8340569955666549
0.8438720987825399
0.8410531624648436
0.8305355626797328
0.8302826193198753
0.8388136088259107
0.8207080963132167
0.8364684263466318
0.8462133092146558
0.8211566552448919
0.8432804358449576
0.8426226358346353
0.8265041735318575
0.847047683936598
0.8319936434577961
0.8413207326420004
0.8411821995168731
0.8364691865220013
0.8456164603393137
0.8380500811900603
0.8294357275199946
0.8026590433909048
0.8272155071548443
0.8247592720844017
0.8312407475058919
0.8279428120366442
0.8385863213931659
0.8325052258238301
0.8326593027549084
0.8430210533514619
0.827675355265378
0.8404629337958259
0.8369948685291797
0.8384670381667428
0.8334239893722181
0.8478902252569973
0.8418500967375903
0.8115377950372137
0.8107740046079803
0.8298604882716369
0.821803391894799
0.8254893840918358
0.8296391571297426
0.8251563020461308
0.8229651885309072
0.8385443291842047
0.81112769400178
0.8202717920195722
0.8417302518683656
0.8197738538129131
0.8343737603002775
0.8373948962064902
0.8641266469343617
0.8600709062227653
0.8356817623241491
0.8467031225618576
0.8810686970491085
0.8410939921335957
0.8403316011670003
0.8607877775650863
0.8511649728582463
0.8452458803186936
0.8466898661472604
0.8419098079731251
0.8433132548038927
0.8404640454611663
0.8391624624291658
0.8456740853883898
0.8406328216053046
0.8596712270678699
0.8452053881427771
0.8019774333445727
0.8505114552670829
0.8444779850645914
0.8335130303967236
0.8633533489392783
0.8161596462795295
0.847345933476306
0.843689002386349
0.8400365481791389
0.830252613307913
0.8368427028289553
0.8366624888130789
0.8442983258223486
0.8490259514232907
0.8471500653206095
0.8317124004141798
0.8386863030308496
0.8425484649509969
0.8520612780102478
0.8507776362149388
0.8557632486824092
0.8604573703928473
0.8396810904183546
0.8540309161808498
0.8484616967400795
0.8592729961704877
0.8516103095957136
0.8538394843417658
0.8534073752230109
0.8662289111307288
0.8330309381402697
0.8263143099377289
0.8527863919552556
0.8573944026175325
0.8540250751569356
0.8648019502513702
0.8583593634272102
0.8554270728621663
0.8520471406713795
0.8695513153505314
0.8375622600271394
0.8661357679597471
0.8598119846996762
0.849385599760095
0.8433153796110757
0.8504949574948713
0.8602605112705126
0.8530320180675037
0.8519607958939597
0.8493761653689678
0.8741121833693147
0.8586158734616691
0.85497773625978
0.856479528705601
0.8625824237454214
0.8641578788036172
0.8610607076792024
0.8590118408943423
0.8575314798298048
0.8594367638832966
0.8442281490678689
0.8623822510333059
0.86081507455444
0.8511215469936979
0.8592103058644205
0.8432540141035612
0.860452775726613
0.8488449391294981
0.8531007745034457
0.8447551674751508
0.8456533351534314
0.8468751786445878
0.8511395664742452
0.8410629561725819
0.8561594388124324
0.8565212239279119
0.836671171921381
0.8495095787850586
0.8439225642404288
0.8688405187003521
0.8624943819764908
0.8387461013380253
0.856352519365779
0.8583796436799345
0.8495513372324807
0.8489597174119409
0.8478536593034052
0.8359491011238156
0.8592020312156169
0.8682623186791812
0.8660398449077288
0.8606997088217597
0.8561823172764216
0.8410421601194504
0.849342699489338
0.8338123469651294
0.8469707649010844
0.8466830687165818
0.8425163269193431
0.8374295025255005
0.8557558226757707
0.8438092535075569
0.8563598775575609
0.8568487256129823
0.8481519867912449
0.842703509886082
0.8654756438817636
0.8688478454465121
0.8516056490326539
0.850145030713314
0.8455810117891499
0.8600502477606954
0.8532534996829301
0.8480910298299926
0.8392033474061872
0.8567230574511779
0.8412126993523348
0.8610665897984987
0.8660506896292246
0.8467416164766346
0.8422042460884154
0.862687437097589
0.8490033726864948
0.8572453090684498
0.8639992247705616
0.8617426856882784
0.843862200242767
0.846109880188955
0.8672722538124824
0.8562305430076304
0.850449570531627
0.8682264784224787
0.84690502249026
0.8434826645552137
0.8671430961371939
0.8642228862099232
0.8591611625949125
0.8605205029627485
0.8302806788482973
0.8572345164548928
0.85890510174167
0.8547893895083533
0.8606313211378989
0.8695006885040455
0.8632748117845354
0.8472353961249854
0.851843817924091
0.84704948107243
0.8573131260053044
0.848117737756707
0.8608798487226266
0.8694701686137567
