0.8552466209797064
0.8457282308068269
0.8768409389274207
0.8827333823258448
0.889712598142157
0.8782475239029345
0.8733417655890268
0.8868633309625701
0.8970302109092928
0.87458058409626
0.882089981221609
0.8849098294112169
0.8867135862603689
0.8936980814767357
0.889375276235929
0.90918344954186
0.8904448345888286
0.8740778637833793
0.896022664238997
0.8946489144646856
0.8880978822822148
0.8870707464764961
0.8888666416289797
0.8902742717196841
0.8798116443297161
0.8861022732881069
0.8810469912981416
0.9054910494687287
0.8978887731655509
0.8812357145155205
0.8907072369718213
0.8986964277954093
0.8965556996788051
0.8939718860360116
0.8950966865490767
0.8986941610575431
0.8957995154759218
0.9024446046573978
0.8965069432095818
0.899500396383866
0.890204433087717
0.8994138152679223
0.8962976915975457
0.902074350259903
0.9017822661501397
0.8907115179810569
0.8956630164695057
0.8969581325489405
0.8944048022035836
0.9013043326078293
0.8907546533115636
0.9000466001794296
0.8911679151757512
0.8830725686489116
0.8783870645806362
0.8852604664476232
0.8862618664948715
0.8795737811407202
0.8843701684105942
0.8812294509440058
0.8896297368752653
0.8969272297841314
0.8739425851291495
0.8783058192228403
0.890513966482981
0.8929383925261435
0.8890277260315255
0.8769931333819485
0.8895047671695534
0.8870358972650426
0.8968249877999565
0.8774323593388582
0.8793868802957981
0.8856172052743285
0.8799190193705049
0.8749132829441397
0.8887268453018703
0.8855990663703046
0.8909650938884831
0.8872922404430447
0.8896426774943679
0.8919523712332195
0.9098713860225582
0.8881384829387555
0.8857919963757451
0.887865235483337
0.8875984720687725
0.8795754755641084
0.8862745598825876
0.8882564121086599
0.8858149308843088
0.8859284371899294
0.8791119810154663
0.8831308090598287
0.8898057131189722
0.8846200524764152
0.8881093369063532
0.8901349105994821
0.8906626081954078
0.8865117511651937
0.8806307239612396
0.8839752962511134
0.8882332401048569
0.886236856830619
0.8860701470851704
0.9017296373871433
0.8926613626750914
0.8910115760782217
0.8903223873264059
0.8792416674592819
0.8876449349823912
0.893274505803242
0.8912147950185055
0.8929836518082508
0.8822916390666575
0.8895505241765027
0.8882940317743684
0.8780754107022825
0.888927078724988
0.9101760510138708
0.8988068776099498
0.8911404053801262
0.8919101427564083
0.9088981670775466
0.8978627163830499
0.8892002574804905
0.8878975809903614
0.8912215670283726
0.8985634294797176
0.9109243752264188
0.8984498700213511
0.9015752551698232
0.9114445114367561
0.895442359226647
0.8998532800230907
0.8982130892907205
0.8995787650698918
0.898358078216506
0.9107456216871611
0.8956693010094978
0.9113853843461655
0.91599251705234
0.900560635589902
0.902569489592311
0.9060500168367109
0.885783876911973
0.8956105712511395
0.8931499882624284
0.8961317875917955
0.8897097825799646
0.8986607299339527
0.8888720464176854
0.8985579371646526
0.8943289685468664
0.8975516906916331
0.891864015007348
0.8811662943645456
0.8902085952526388
0.8943806637741207
0.8926670249448354
0.8940113462825813
0.888670181733593
0.9035082382119975
0.9039832833337628
0.9080776110780325
0.9017911967600096
0.8773718167151774
0.8989766788411134
0.8978852662838472
0.901178649143385
0.9001506332161847
0.8993424114916059
0.8965940131155741
0.902605319025353
0.8980224934115105
0.9059946707197679
0.8939057638550919
0.9054333364285124
0.9089930247172767
0.9080299625639787
0.9090923850971433
0.9098459167273059
0.8932188546509927
0.8954856053031647
0.9036003807809035
0.8983952348976575
0.9006288305439188
0.8970254529276404
0.9036789277454522
0.9040492881666676
0.9004871536163591
0.9044114859694752
0.9013239252602231
0.9029833556596344
0.9029662417450441
0.9033123866798762
0.9048329704883888
0.8921977411684651
0.904133752295789
0.8911256866634157
0.8988856958510228
0.9087707449602564
0.9003039074593601
0.8980733765556956
0.9056948234434349
0.9113644724533658
0.9091913460590174
0.8920170274122156
0.9026352283323179
0.8967655481798743
0.893018205452578
0.9021980785229526
0.9065268308842915
0.9022221954773049
0.8916392372501631
0.8958447321659755
0.8933003852724968
0.9003626065042768
0.8914193381459672
0.8988506779680634
0.8981367050137227
0.9005319877138687
0.8915365945461724
0.9150053399296714
0.9099509217378496
0.9104074649121059
0.90685602724856
0.9042342859102603
0.905567959613198
0.9084505920475321
0.909517822624401
0.8992380997324882
0.9137389333133958
0.905745658420128
0.9141431664714227
0.8967610973108187
0.8962474508368306
0.9023073156414764
0.9010236676078316
0.9048644414969689
0.9113412994057285
0.9101751264704144
0.9044975131414535
0.911389216885512
0.9051681909071507
0.9060283058886314
0.9170111053627583
0.911231918600686
0.9131371737297974
0.9074551191671377
0.9017653641197483
0.9105886670421228
0.9083060741719625
0.9032148438922875
0.9105456642798155
0.9162284475140866
0.8914506115790205
0.9115291613229887
0.8895927851729419
0.8967655481798743
0.9023839822910277
0.9093345110145135
0.8972209028024422
0.9082102538348862
0.910675808776717
0.9117200717669387
0.91213608314128
0.9082848993618943
0.8885051514811152
0.9167312620337176
0.9161016192541989
0.9115139758752089
0.9055604104846267
0.9105031175069804
0.904643335426117
0.9072925311371971
0.9095828548508288
0.8970282001763058
0.908788081851092
0.9054074589512173
0.8977974414041838
0.9161992779297252
0.9011659197840787
0.9018598732657414
0.9013109568686254
0.9039151785639353
0.914740089292726
0.89838500536059
0.9146919462591019
0.9072278986037973
0.9000174766691021
0.9066276155790108
0.908585276446022
0.915034892703407
0.9053642225707239
0.9052081368638072
0.8962799998475656
0.9152816809938469
0.8895020266058317
0.9080233705844762
0.9081472604136179
0.8991564691821851
0.90692672310692
0.9095884574202033
0.9079751175321227
0.9069452944558005
0.9040633699676378
0.9049397385103397
0.9051574367076329
0.9151443704454212
0.9071815345117835
0.9160241245070331
0.9120403120478222
0.9158534213275427
0.9198782254739064
0.9221078722021954
0.9182285292634786
0.9090840342741616
0.9112089919656351
0.9174974619843278
0.9196602971924794
0.9031179061008416
0.9030309458034883
0.912949405399725
0.9263179595025063
0.9104674482701838
0.9112281309621452
0.9096562388177619
0.9122299995556343
0.9194215762953096
0.9131185018109204
0.9033281998929202
0.916861282199742
0.9149977717122412
0.9100160327583937
0.9138807426934229
0.9193053222951288
0.9201752042624612
0.908665797609392
0.8971783162482393
0.920608557841448
0.9047330233866435
0.9076491657348545
0.9175174399566977
0.9152788841269597
0.8962872653721013
0.9122833615564679
0.9226115482790529
0.9034604189980063
0.9124961973944665
0.9117052366577884
0.916838677766383
0.9078492663400258
0.9052457178828415
0.9133936394706598
0.9085892293746055
0.9062625114998224
0.9113665543129484
0.9018470940235708
0.9075899708888927
0.8997723015538439
0.9190543015691429
0.9100289878611402
0.9077558434158816
0.9113390547514562
0.9213937308574677
0.9116425240947684
0.9144116396846137
0.9158535216826531
0.9138174727976842
0.9077701477552632
0.9092513571591816
0.9034978159691823
0.9014284242672665
0.902516350746499
0.9088746791887355
0.916321183186912
0.9272332298654988
0.9082927454632287
0.9075042133129132
0.9049386802092613
0.9024649616463845
0.902782147986085
0.9090663646102023
0.9120780136368061
0.9147757530647753
0.9124601107108337
0.9149636491528099
0.8911669135190972
0.904180101133016
0.9169069510557863
0.9125615336770471
0.9089213806004155
0.9112015204034459
0.8983398268472625
0.9105752610483022
0.9082937845523241
0.9095410593321445
0.9127037994704595
0.908241145123932
0.9014584861941006
0.9175046144269774
0.9109959285186862
0.9121259819586901
0.9171333926533287
0.9157959353102751
0.9102293815784894
0.9096832267092497
0.9119784287642253
0.9011655660564577
0.9148860350531572
0.9183745518806601
0.9053419795236437
0.919880849466995
0.9179645138597723
0.9050354055096065
0.920912227544292
0.9103946922491333
0.9175610558557076
0.9167921989154003
0.9151043251694377
0.9193274126771956
0.9142761847271845
0.9074275981968175
0.8962068157511017
0.9077701477552631
0.9043859564361695
0.908336253519773
0.9079442396817266
0.9120212245609762
0.9114857409243835
0.9096158966168221
0.9175077991103394
0.9046824588960675
0.91677959810459
0.9142590925998649
0.9114092497471536
0.9113070604944415
0.9222851067861076
0.9206754599835877
0.8968918947089937
0.8987087925445241
0.9102147507053302
0.9053332232511471
0.905521306453336
0.9092469841713792
0.9057450615749003
0.9053570654859902
0.911622909668692
0.894021249475329
0.9000193429121376
0.914946403340395
0.8986501209972148
0.9086456669936734
0.913175647566914
0.9310206176077864
0.9272471497050477
0.9129123399235819
0.9171313452086322
0.9446108163997073
0.9147076885391343
0.916045144227836
0.9286352860893757
0.9216453502214951
0.9178243719546757
0.9191178746759749
0.9153028290497405
0.9171507422514651
0.9130593685040318
0.9137934758606506
0.9178166280770771
0.9161594271158561
0.9275960528258191
0.9162728379829391
0.8899958274324082
0.9218350193512832
0.9168395947187628
0.9117800909371274
0.9325345823927469
0.897833535651718
0.9178590404728364
0.9166003976543051
0.9126627082886284
0.9072371695246972
0.9125855657956953
0.9115887126763788
0.915398483964253
0.9175858855314295
0.9199846484225839
0.9062951394216383
0.9122394526024835
0.9170151696718077
0.9213976793703142
0.9214480971122619
0.9243802025168668
0.931635638281031
0.9196811132226879
0.9232370452569901
0.9169400243699375
0.9270943220745151
0.9208050547156191
0.9239122375640282
0.9232197377720389
0.9357071554055625
0.9091485477468699
0.9060610615798346
0.9214865813842595
0.9250659953860725
0.9225053223782089
0.930865121052066
0.9258798525686409
0.9230156731169051
0.9242940175606019
0.9303853861994923
0.911851323756732
0.9313282127227113
0.9267690253509507
0.922048892506992
0.9131854399642092
0.9215671596885702
0.927450590270154
0.9242055458010839
0.9232801235725228
0.9185844031515601
0.9351228081978226
0.9217502399197058
0.9239822246270479
0.9185461503624103
0.9275209433321946
0.9306005234929536
0.9290667444733676
0.9278548566161918
0.9232899887545691
0.9271396218848927
0.9165152271356174
0.9272371023025116
0.9282071543616208
0.9215498000394077
0.9278484789636376
0.9171414267189643
0.9269204171451062
0.9181095553115887
0.9223060246176373
0.918788052218565
0.921908507474637
0.919162931686388
0.9189957388882988
0.9167316999649935
0.9237800395270844
0.9245180341840274
0.9099480287735585
0.9188569466594225
0.9173403693762038
0.9325962937677543
0.9301683230180572
0.9132997116836787
0.928958482099463
0.9265676562430147
0.9202193810726501
0.921908507474637
0.9188035572139638
0.9113389976758641
0.9267508551906656
0.9333675539190788
0.9312817854254114
0.928038102403805
0.923422774474809
0.9171918480444538
0.9202635436781267
0.9097450775476759
0.9217500767292385
0.9175692567474646
0.91501032338875
0.9159866128702818
0.9221863302292753
0.9130467054048738
0.9242043232307159
0.9270422482408495
0.9186713154646355
0.9139306081165195
0.931581951273258
0.9318092965623667
0.92379063124395
0.9217178888014135
0.9193777063202409
0.9269957291149501
0.9235800516401512
0.9222097569021543
0.9148482441903437
0.9267821129489185
0.9204384641877266
0.9292738646761243
0.9325961657591914
0.918313321094513
0.9145307698792432
0.9288153895929765
0.9212876936648898
0.9251226589721119
0.9303467364812897
0.9279141341154538
0.9171055432379654
0.9153762680500174
0.9322987774536586
0.9280949930342369
0.9189248564800683
0.9324057403992962
0.9167590144757097
0.917765334759398
0.9341187377068638
0.929295213013979
0.9266277185672446
0.928464756600646
0.9050500165335549
0.9257422580353397
0.925803081754566
0.92222902678576
0.9275633931201339
0.931514267287943
0.9306163436377589
0.9174921287303345
0.9194986391716247
0.9182948151492428
0.9253344503069718
0.9200454526940273
0.9293059206566988
0.9352176394858474
