0.6482543866553877
0.629633647320191
0.6195604686596274
0.6230664769997417
0.6347296105190376
0.617094951548568
0.6180440250575888
0.6243586092105199
0.6429539906674789
0.6266019855616384
0.6150300253931296
0.6162085229152686
0.6389392521925608
0.647890038386742
0.6400359190570261
0.6776751541855447
0.6357510233547449
0.6002832347431952
0.6489666697038576
0.6529939194560377
0.6257803202252081
0.6322772089318653
0.6257950966200188
0.6220172614077066
0.6432503051736982
0.6209033771138306
0.6125412787402371
0.6884996916763513
0.6661012171469355
0.6137273149931725
0.6454714446202855
0.6477789677924032
0.6333590463378936
0.6538602063891599
0.6387888826806557
0.6335000303940368
0.6371116227526507
0.666218728673511
0.6322782253942444
0.6394839682151023
0.618915893243146
0.6493550899894013
0.6317103542728282
0.6351656746178823
0.6532221963018744
0.6338786537810638
0.6292401558827234
0.6423473311345138
0.6434216540537638
0.6439061281507414
0.622620198140839
0.6341436476040533
0.6247824364778802
0.6321983851674379
0.6583426493085675
0.6108207100354927
0.6190584519227268
0.6102002813459748
0.618667936798973
0.6374553261995591
0.628039809607497
0.6416937096381606
0.6203669956557859
0.6461174620056094
0.6328611495286309
0.641467275285708
0.6211855334116171
0.6350668867509891
0.6323713759760254
0.6372439683327821
0.6512046270550267
0.6085080296870417
0.6247019464181683
0.6217818583997176
0.6136772142013527
0.6013743392874152
0.6214877206836473
0.6106981882823588
0.6227735280776796
0.6117853241319889
0.6195155489972854
0.6212027533388792
0.6806785937636612
0.6099549729083876
0.6150676665646297
0.6170431125113812
0.6132769948177172
0.6230374171124133
0.6187764911884824
0.6151097268989565
0.6191812928431628
0.6174919392902037
0.6273257503473448
0.6111031698574527
0.6205546282059164
0.6088202152950924
0.6190575541806809
0.6197118243409393
0.6135071561839974
0.6126529714494927
0.6208201445820237
0.6095862393388182
0.6183994623604406
0.6154532333605617
0.6134979176229673
0.6529411665287204
0.6299772442116264
0.6202029521368927
0.6178154834137651
0.6127432302205164
0.6182583643576703
0.6252767487507142
0.6248232724439516
0.6446327885701854
0.6195652882709
0.6228219684142753
0.6229994251289496
0.6199010825695634
0.6210398028789763
0.667655975173696
0.6471265070910591
0.6263992735822859
0.6286667608166528
0.6429696180698145
0.6340565409071534
0.6198196140882348
0.6166477125695266
0.6222971081868802
0.6295930859823491
0.6565123357743073
0.6292752330362639
0.6355912919546013
0.6514979653730563
0.6276677697019096
0.6594513008012356
0.6322896452204787
0.6292859528995302
0.6323913006359821
0.6483727149942411
0.6389824366856556
0.6548817901902497
0.6495264484480398
0.6363891410717937
0.6417009801265999
0.657354646412863
0.6155795758186966
0.6310912397778514
0.6207943319833653
0.6295923570061179
0.6204518281311703
0.6367102214543372
0.6172805875279977
0.6324459386842548
0.6234457238093036
0.6282013127354689
0.6208576106049443
0.6136199368115066
0.620239291204091
0.6280995082087656
0.620549512774078
0.6289716676665307
0.6246453074731411
0.6475623266825626
0.6480998721379573
0.6528229440327253
0.6436288535183492
0.6172688197135703
0.6364935300362183
0.6333919320296907
0.6376235731236256
0.6428442431727134
0.637951482730804
0.6269791526448525
0.6356599538522572
0.6294416800451035
0.6448732815429109
0.652427559135897
0.6372736374862701
0.657763026273421
0.6531619636985408
0.6506008471659982
0.6530559922276213
0.6221949916905654
0.6292136110267943
0.6532834634779695
0.6381191864692821
0.6482879521472376
0.6309131250989656
0.6406919307279978
0.6379295417298854
0.6383863983180262
0.6421499489431152
0.6353650339377537
0.6371521057987313
0.6426989030210003
0.6383515466491618
0.6458255778998311
0.6192011996747226
0.6441976389740841
0.62110750328783
0.6365541802587968
0.6492012924792466
0.6366587665628495
0.6320693309941853
0.6535602877118413
0.664128680135277
0.6554651228826923
0.6266261725143508
0.6343639385126527
0.6321809891877287
0.6295535781857498
0.6274019710738884
0.6402504261520391
0.637723894411503
0.6179627945645266
0.6240073592221759
0.6223936207222632
0.6346677955532232
0.6264474634237425
0.63333421227367
0.6359483353075104
0.6359505849249265
0.6208527237323894
0.6786144327367507
0.6527086135015052
0.6604437479182914
0.6391117124183927
0.6340653852183187
0.6372276555664876
0.6385947602689303
0.6407915229815062
0.6421569603788851
0.646189154751858
0.6438152062854743
0.6542258752179554
0.6299225956929002
0.6473778682901236
0.6534788705079653
0.6355558057903765
0.6396969138735304
0.6501682102835113
0.6481707006429299
0.6497632088312316
0.6497900931366085
0.6428887938194051
0.6514459646952744
0.6700398731423793
0.6641490285025035
0.6623596904113667
0.6426934504104812
0.6517385972271926
0.6507191568503339
0.6494289951174399
0.6449514394381461
0.6590354164953137
0.675579376532401
0.6228268272898757
0.6554793087408969
0.6228987357194576
0.6408900594953992
0.646885224438976
0.6470020852675946
0.6370534238541865
0.6539989807981199
0.662322872319992
0.6594099967211143
0.666336959842672
0.6530903776765564
0.6082546123874518
0.6683023421862718
0.6717789641285994
0.653210919841549
0.6506898727775466
0.6590699003490033
0.649317348786562
0.6626102605993129
0.655935101783517
0.6420169890955204
0.6587746461633197
0.6457394215724233
0.657914985317854
0.6659277849253709
0.6447841401436158
0.643707563929139
0.6455393570822449
0.6453525951788341
0.662882531080506
0.6521329470491188
0.6642111442282571
0.6485464386235854
0.6404977201629066
0.6459831232202402
0.6532094621419932
0.6515184980730353
0.6488189625804383
0.6484499490883044
0.6402482531415341
0.674582212657529
0.6302501796553882
0.6476110040884563
0.6506008033308253
0.648254410405885
0.6645919545519293
0.6755633796288386
0.6566502869148892
0.6608149890887973
0.664602746334264
0.6560491421375995
0.6641775029400719
0.6777680520680537
0.6591062835051159
0.689036344999453
0.6834503835972943
0.6737289482252233
0.6806376859592361
0.6927464210204491
0.6784885479977936
0.6757779794936328
0.6748814133199202
0.6775365873115036
0.6857705388934142
0.6455852358543136
0.6416743592184455
0.6766184350432505
0.6917930681251839
0.6783617495769672
0.6822047789514722
0.6700442442420642
0.668117759545618
0.6796099503279603
0.6697286117317656
0.6574176369712877
0.6692474887777566
0.6771851906514639
0.6716391559627398
0.6702220260540099
0.6736535305995799
0.6640488375889515
0.6470066165992409
0.6351603250251577
0.6866685025223415
0.6730190549080363
0.6609773997534502
0.6828498198722446
0.6880075785256297
0.6416347821197889
0.6824556585956397
0.6883262837198083
0.6693878985418317
0.6569176012628839
0.6787571834671516
0.672691203854247
0.65443039569156
0.6552046907345295
0.6775050194460138
0.6652866535727592
0.6525518617923851
0.6783564179884903
0.6565072093214945
0.6752680496307731
0.6491770149478217
0.6784706910623927
0.6770781823842069
0.6653737451270568
0.6719313845724552
0.6905340473931721
0.665983921804185
0.6737633293509621
0.6788672850876111
0.6737558295952627
0.6560328470932384
0.6648191232942462
0.6516713092743386
0.6585931519513026
0.6492049411662039
0.6640647445259514
0.6724700961472119
0.6970954925019374
0.6612388292584702
0.6558388524951397
0.6582748917692319
0.6532243204322299
0.6494241864789764
0.6747538268169317
0.7057902227693285
0.6852437161554227
0.6713618879718892
0.6779667864624767
0.6387193869967821
0.6556686352469288
0.6847265914607077
0.6710610538059556
0.6694139109564576
0.687432874744564
0.6520971636129946
0.6708377096650758
0.6681598882547944
0.659860307854992
0.6735911274501413
0.6596267463997837
0.6469417066499172
0.6729250499131727
0.6651955909979028
0.6683233691445523
0.6813354477281124
0.6690082204724255
0.6607211537363749
0.6654664644564191
0.67508647104864
0.6616788787738418
0.6566847722705305
0.6725168443583979
0.645955721335349
0.6756306678353144
0.6888262181569433
0.6744054761258962
0.6860348643166083
0.6575956820753487
0.6817088440494753
0.6714009876904053
0.6663553916094945
0.6738171753341298
0.6689896808201888
0.6689667487794134
0.6589849902779743
0.6509475722342655
0.6589532298706545
0.6671935040514483
0.6531913612315584
0.6711711029887448
0.6665159966243519
0.6584959506194817
0.6860685926934185
0.6506488855453926
0.6669371883137164
0.6710949747853797
0.6945473883818245
0.6559874877887257
0.6878421248874441
0.6861722462312745
0.6392572833312787
0.6312802183860984
0.6440504713320739
0.6536235973439909
0.6589456133286898
0.6648823549925271
0.6479665777731647
0.6568934810353921
0.6869832251567243
0.6295319416133218
0.6599878915114685
0.6727783250667585
0.6594472687669666
0.6775900545295679
0.6684636391636881
0.7068350025920408
0.6972884447058705
0.6728026276196968
0.6937780568068224
0.7090424076501308
0.6780271939435923
0.6792332929434178
0.6920552485087067
0.6898152518230949
0.6854540781002009
0.6807399125900007
0.6857746617846578
0.6859965487933544
0.6758573888098588
0.671897340220882
0.6704028749563223
0.6863444891630822
0.6812777341144953
0.6806521267344489
0.6284417142905234
0.6736856690006334
0.6694276911429781
0.6741295965317375
0.6911824907058882
0.6410821068274445
0.6790412203765875
0.6771072231877321
0.668885123482212
0.67451261012431
0.6733579162061017
0.6731870912931522
0.6730900582035025
0.6897434579888831
0.6909396197764547
0.6624233661249712
0.6753988576421683
0.683865034119468
0.6927918861238238
0.7043974977068237
0.7012696548141701
0.6998819139010625
0.6725267874511888
0.7044609767300327
0.6970789404596737
0.6979548564290518
0.6963312363097115
0.7016908639963696
0.7031791993445221
0.6968716934199956
0.6829271026932356
0.6680750150672861
0.6899642285189835
0.7080569188063133
0.7077883719274436
0.7093029743509162
0.7014416856821784
0.7097961688466226
0.6990416332971664
0.7311595577067416
0.6799326672218396
0.709522814155326
0.7036394570476535
0.6967870695903173
0.7093906372450941
0.7035716841025379
0.7068660004031131
0.6934261908672965
0.6969505165397665
0.6829009059238843
0.7157272942774042
0.7149089335840776
0.6963555976647343
0.724874380698145
0.7137587051332747
0.7233371318608331
0.714174798587742
0.7080418898589436
0.7046015021413298
0.7015208817522823
0.698660944488997
0.718282262347016
0.7225201937243824
0.6949196584189073
0.6985109977876355
0.6893881789180091
0.7058741666136792
0.6950395819997399
0.7008434271272223
0.6889402115736732
0.6671737367793404
0.6931229345026364
0.6973493279495407
0.6749468645768257
0.6965780937502078
0.7133700444413528
0.6915016727502428
0.6862121742541768
0.6924642166103048
0.7188405679054092
0.7091324278524515
0.6826607202702034
0.6811270089811027
0.7147243837721201
0.6862274115489918
0.7008386102740863
0.6874669182520721
0.670222751486575
0.6971567824479398
0.7202660430078417
0.7135076585439664
0.7077212875089682
0.7049656889817922
0.6792793270101622
0.6796823828568516
0.6642623657428676
0.6798580146546078
0.674834628536073
0.677283311768784
0.6769695786696356
0.7025211388952886
0.697700476811424
0.6925443820131496
0.691225942614903
0.685532049377787
0.6802303970083944
0.704704606865013
0.7350547618253211
0.7036042928669165
0.6826998874084395
0.6830228854661903
0.6957537268235211
0.6917400972746621
0.6883265221195385
0.6847853814144693
0.6950683510193747
0.6885369610573419
0.7001740899912088
0.7131237760183344
0.6831995451245035
0.673164534488512
0.702324460985495
0.6931521145351685
0.7021365787386964
0.7088381742412097
0.7188426342082797
0.6885886959589245
0.6781204021558093
0.7100449922986773
0.7079294025690431
0.7021591423630277
0.7151630572949259
0.6870169963902306
0.6737598025654722
0.7174413384971118
0.7174418987184845
0.7155099777120459
0.7119932888756826
0.6633687494545295
0.7040028602533592
0.707581995878699
0.7080509004419872
0.7135869214344112
0.7413753507885057
0.7091974987673693
0.6851720292786082
0.7007182990107349
0.6851560648947642
0.696296516865708
0.7003319523152688
0.7032725423914359
0.7091597004868133
