0.7536220430067362
0.7369102736445124
0.7429032878414829
0.7437047902635657
0.7412118078654041
0.7437968337644351
0.7375268059797097
0.7452893481199079
0.7601113588900932
0.7385128043834259
0.7533693457322466
0.7425222646941279
0.7544976507788747
0.7509774549541413
0.7490488727377242
0.7785980274455002
0.7526524304551293
0.7317978312170845
0.7409168679070934
0.7563253833824013
0.7473792186504207
0.7434750685289158
0.748143645651063
0.7483578709239965
0.7471489461271201
0.7451445105090517
0.7408029077709058
0.7678971157049251
0.7635625851348822
0.7433825170236137
0.7460432817993368
0.7469389790160096
0.7516617864961678
0.7670393393969241
0.7377468756453094
0.7531450206945741
0.7496413782671135
0.7616583285324089
0.7544271871368441
0.7290575986383159
0.7440081021534707
0.7570305141810993
0.7482008672654256
0.7564325558354561
0.7352311875002192
0.7553536571188983
0.7492328418702714
0.7216064981368981
0.7546269945988004
0.762163826461017
0.750433810637555
0.7528124820336124
0.7459139776411361
0.7450461956753396
0.7444902368427498
0.7406509012803731
0.7426139549491013
0.737741703067699
0.7462257980164125
0.7473338109981644
0.7503764238581173
0.7606443357229593
0.7442547950874201
0.7487373859010615
0.7501485560778496
0.7443367900000913
0.7458482401628492
0.7382820387995774
0.7502293188300374
0.7509171176347749
0.7579423341572696
0.7370557435104869
0.7418942198982209
0.749206523417327
0.7427991179188685
0.7376090733311854
0.741713578722095
0.7431354895012758
0.7486759300038226
0.7413837320216714
0.7461594155605135
0.7464725085876336
0.7675258625580993
0.7448519426355186
0.7442667724027618
0.7437587211591059
0.7437996428162366
0.7379865104120216
0.741798453113415
0.741593421210531
0.7464088941786718
0.7444756200580169
0.7407365454641474
0.7492018119540605
0.7468658007013577
0.7509205337048946
0.745250929883687
0.7484798521773635
0.7404021702113381
0.7407167347645022
0.738952143808211
0.7402070306443385
0.744497524308187
0.7398349716096166
0.7390050102167584
0.758516317500524
0.7439359150609044
0.7442003042125495
0.7467165543261322
0.7424368788386195
0.7459614516080386
0.746337650298242
0.7503800072699546
0.7528064275012435
0.7374159175591145
0.7480022812446524
0.742972532103101
0.7417057762994014
0.7481849623780787
0.759987048345369
0.7554022312592897
0.7517303998081726
0.7526187667864062
0.7450581579998604
0.7559874611021022
0.7460973555039925
0.7434974755980489
0.7473617576173414
0.7538324637921633
0.7516596535270862
0.7545274376506914
0.7578774726253868
0.7474143032753788
0.7507847565298621
0.7401734332738952
0.7460092124891272
0.7434998920779458
0.7517407307842741
0.7608092843098931
0.7586501923164255
0.7439630876680431
0.7335828123648449
0.7591575917288771
0.7584673930550654
0.7534090724656686
0.737043460947718
0.741199040317225
0.7481568754359499
0.752168664947339
0.7456023704227466
0.7580727016314018
0.7374268091244484
0.753140065460375
0.7461239064309205
0.7509211510589494
0.7461081541860466
0.7363708078512149
0.7471870849452296
0.7528768271658449
0.749997793331517
0.7524427791830471
0.73851247494861
0.7649377054394024
0.7654703325629059
0.7706452668193804
0.7630965407029465
0.7300329848770719
0.7558903908452774
0.7548535441572549
0.7543106490777484
0.7580294662512368
0.7473245917967143
0.7492396537903618
0.7556397866770816
0.7492001779857768
0.7597256401422082
0.7464202393134259
0.754129444500079
0.7693350320643597
0.7682328562070094
0.766856876332707
0.7664525675900189
0.7421124299362434
0.7510899499930045
0.7668400539985523
0.7579536662978597
0.7638585668305317
0.7435234488557041
0.7504532970101884
0.7496374080443009
0.7558882844544383
0.7530105578927287
0.7337380250298092
0.7491525608390384
0.7503005243934592
0.7499367797248979
0.751395592931362
0.7407301231016689
0.7489142239492087
0.7463290890477939
0.753544118475166
0.7636561934944065
0.7541644297902198
0.751997687821837
0.7409731929235401
0.7443533079508212
0.7428056276994008
0.7350456392648915
0.7401311236025256
0.7439982005661254
0.7257716561795607
0.7297576241864878
0.746757537304258
0.7382170226697592
0.744997586550603
0.7375767485431755
0.7271477398305979
0.7409347852408282
0.7595860408703776
0.7374245728542418
0.7412482994998322
0.7462221013514302
0.7383331399512618
0.7596890797234894
0.7548581876874938
0.7596713826416716
0.7535085743544417
0.7480630396700257
0.738881976573528
0.7539736696614818
0.7535301654847072
0.7393892474089514
0.7586755834525717
0.7392216246817019
0.763646589354158
0.7375090025034875
0.7572145050153664
0.7411243256683869
0.7272662772376436
0.736827215055767
0.7359470845385487
0.7376747057402671
0.7389308116087073
0.7516655804340099
0.7364873037866446
0.7368280438355376
0.7500917522731532
0.7348916173772332
0.7432580230025159
0.7432652875895326
0.7512673073396515
0.7400480198741402
0.7338748706435467
0.7308788741461737
0.7435806631473891
0.7500461218111268
0.7199139029873
0.742030151827734
0.7223474356305195
0.7358430412112869
0.7352205310695574
0.7423590864447692
0.7206909918263883
0.7361553215620035
0.7520828741890297
0.7553114505966904
0.7610841732468748
0.7392567879622801
0.7409033184989104
0.7540245934319622
0.7551208105879029
0.7426291926877454
0.7367375543146046
0.7420353236536102
0.7355684091502595
0.7433267965898048
0.7310781342915577
0.7396280219511618
0.7450467490599213
0.737159579131165
0.7397818701967375
0.7514646403847256
0.7332254781093619
0.734777961945107
0.756887341253075
0.7397787454179787
0.7512930219907429
0.7386616080917441
0.7583427036691417
0.7478431318547633
0.7294366424211424
0.7473148193304688
0.7573715275800346
0.7356344747876301
0.7400302175112229
0.7196621527995524
0.7083939060411935
0.7239859221489929
0.6949455135132575
0.742135614630355
0.7331547077521338
0.7132602340986053
0.7168519435522601
0.7223153156063782
0.7073552548259943
0.7294323866801858
0.7439987147265575
0.7472921774215869
0.7523100483878173
0.7434311595620174
0.7542157525306724
0.7482471295153449
0.7548364153682032
0.730650099164048
0.736637545407961
0.7445137728932162
0.7356113262311746
0.7504800758981239
0.7545955103161616
0.7509069773003144
0.7576120826495623
0.7243235288936393
0.7318309899582424
0.7496976616286469
0.768278354697856
0.7495700261949237
0.7523959673944138
0.7406781655455579
0.7446770960648649
0.7534749256519305
0.7463428638238168
0.7361438471796921
0.7464384396914027
0.7555192541184916
0.7438553956291517
0.7460683477069215
0.7476538312512113
0.7416827086016465
0.7193848075139754
0.7106789350982212
0.755425916780332
0.7438771569322783
0.7369895179419192
0.7506051131647707
0.7441113298488313
0.7434722291901773
0.7598669884090965
0.7531540463164595
0.7431802524483546
0.7372423029042384
0.7496702960794045
0.7483553800551387
0.7384668865809493
0.7297905108120902
0.7478517528423939
0.7429260048705416
0.732562940780282
0.748790566585267
0.7205407970272332
0.7319231921168018
0.7318708590924585
0.7455185825150935
0.7429201162589426
0.736619220308607
0.7429150013095912
0.7524341726741784
0.7374688060736087
0.7472425633194039
0.7453835192512597
0.7367167820302536
0.7331217271209814
0.7391775784225988
0.745587208230854
0.7340525061498878
0.7139859338181632
0.7205446670981915
0.7406852319979629
0.7418878731954749
0.7315398416404252
0.7262997645442273
0.734498070404787
0.7306044067599573
0.7231606849631615
0.745505713934517
0.7583648372634489
0.7420204412579225
0.737770785484216
0.7432713184187517
0.7312834800549642
0.735217406498748
0.7420687599168281
0.7430134686837835
0.7365091359011829
0.7389445587505157
0.7378908010473139
0.7418635472137373
0.7357174558112787
0.7316435239046734
0.7419921549563779
0.735027081759928
0.7342945837712358
0.7402447341865585
0.7454517912733685
0.7315295224559394
0.7446201019864158
0.7385773017329835
0.736221419920762
0.7383933651444556
0.7445970220215229
0.7368982319973406
0.7274947025204527
0.7412228696284563
0.7230227361809511
0.741251688838193
0.7516014498602074
0.7558260647518832
0.7489927644763134
0.7286829718264323
0.743591915595219
0.7266415526611697
0.7217125783032212
0.738765193053319
0.7421401930062717
0.7346562540520711
0.7480629032079912
0.7212992728310125
0.7427338411797886
0.7405889361316884
0.7271445709790744
0.7309824787051148
0.7376584157993551
0.7311547940388453
0.7503913593012824
0.7215567083451837
0.7425002938536948
0.7359609861563502
0.759630506458622
0.7271924820730309
0.7503179685587823
0.7562392357832722
0.707203638991051
0.707484009667333
0.7171433623440068
0.7313394110644246
0.7352539960999571
0.7377484519018673
0.7196739694573645
0.7265048954897017
0.7474572477341292
0.7099449842611772
0.7353970494276827
0.7239493342211878
0.7383848228721573
0.7538937155094093
0.7467714818527204
0.7624004039107392
0.7548864179806243
0.7484986777050903
0.7431979401317507
0.7599247944098058
0.7529348811062595
0.7536455094828953
0.7481750399830306
0.7407762259750282
0.7292734487831208
0.7322581688070727
0.7423954923980596
0.7400154831733688
0.7460450702234904
0.735781051279558
0.7325081943144096
0.7453989347711004
0.733668295036617
0.745420887142713
0.7239633157432236
0.7297237034272231
0.7308450573469663
0.7510610417045577
0.7455116003254404
0.7273175698081861
0.7373454865617186
0.724670800720175
0.7349912293175329
0.7496278927716131
0.7395169883484787
0.7449948085772565
0.7339454012649559
0.7286225547865759
0.7401999120475456
0.7299306995017427
0.7323335326914858
0.7328204046772131
0.7386710609333924
0.7439624321438989
0.7447647389020068
0.7371873229850124
0.7373140399616129
0.7636496255162464
0.7487876865232863
0.7443102064954426
0.7536207020023911
0.7538841794979116
0.764243714999693
0.7397226510733911
0.7478889589705396
0.7371609951923604
0.7377392442909486
0.744322551566873
0.7539477417551296
0.7546146055292101
0.7579857123756908
0.7594126384431489
0.7530524347451755
0.7695164750137786
0.7371915665224462
0.7514294029620943
0.74488572089525
0.7496841497816441
0.7393227316436214
0.7469408186059731
0.7455797915927872
0.7302754330461072
0.7384592694556972
0.7358036725975343
0.7551562469209745
0.7500155548597407
0.7450225012017132
0.734338793310339
0.7481113326640967
0.7708826276051255
0.7455707703580496
0.7529648746943877
0.7369742134677368
0.7426631225999937
0.7412935414545805
0.7673176552139307
0.7619641791477886
0.7492972736848628
0.7432545152997897
0.7386027908411471
0.7388323685566771
0.7294630681959876
0.7293942677624972
0.7534005719225206
0.7316247028588733
0.7461265077707001
0.7326179777022258
0.7287054687018661
0.7385222292207199
0.756938973500993
0.7531857328867276
0.7293835473736698
0.7386551906892828
0.767294956956635
0.7529962893690979
0.7421309530322556
0.7190974117322395
0.7601099741276109
0.7350911274148691
0.7542887788428849
0.740643652601535
0.7314345806267816
0.7302054844992424
0.7418452782365497
0.7343820957646017
0.7601859720685773
0.7511814679465783
0.7466085101860689
0.7303222809975249
0.7320766810182708
0.7155366185183796
0.7164538051583191
0.7199207515195272
0.7410732513359902
0.7416632781043239
0.7498948636263244
0.718986319813969
0.7395414236986364
0.7234260123133684
0.7287298336883011
0.7319039502179768
0.7684021329692153
0.7538237835587017
0.7212939335459491
0.7302645070149204
0.7406298319626283
0.7394596407749509
0.7410963274982156
0.7388830765409062
0.730431294856277
0.7435809487471046
0.7327770738840504
0.7314222709305482
0.7203653679631873
0.7323099120315023
0.7391611656166387
0.7292132993100511
0.7297160722331579
0.7399691558491531
0.7575654806087699
0.7382416657730748
0.744182295204794
0.741824409718125
0.7497427154062819
0.7494217601108807
0.7408867876076336
0.7346610011803066
0.7334467272652103
0.749086787264658
0.7535046183134885
0.7536207626608262
0.7456196759946269
0.7353712355731209
0.7463911211698078
0.7464590292680795
0.7419903341642379
0.7462827579469306
0.7629688076075885
0.726704059789013
0.71955729552488
0.7459524196020938
0.7374990083464374
0.7200050146983134
0.7418435729084114
0.7044151364657352
0.7113210891759655
