0.7937665586148432
0.7780638070189289
0.7821990449782662
0.7818741970405676
0.7863889738406715
0.7817423321031273
0.7731997225859544
0.7844717036847177
0.7932824209772189
0.7794317381376478
0.7870347427063875
0.7820441591490144
0.7885959943291968
0.7890705142634092
0.7860889958942043
0.8033460711492458
0.7879568588831827
0.7702638046232819
0.7862013988383184
0.7942647319044516
0.7851741033611054
0.7833804027182493
0.7850033625058866
0.7840905685649675
0.7838973324347837
0.781358836009654
0.7778273458220961
0.8058467522900111
0.7939760616701279
0.7827133762018356
0.7865739644500168
0.7863040085972401
0.7894448795775506
0.7994171673206643
0.7838881488660412
0.7894928658491677
0.7852018253693638
0.8022301656204185
0.7916663028589439
0.7759911226552065
0.7828639516286788
0.7933896634958307
0.7856987059379733
0.7906654671813971
0.7832016977957762
0.7892720022067352
0.7879349048643157
0.7711363447589784
0.7888814863579285
0.7968902934251455
0.7888121607706172
0.7903626917852514
0.7835201750611012
0.782358318786231
0.7876635081935988
0.7789811474692828
0.7823961918536242
0.774811450745875
0.7836752322876274
0.7843602585168201
0.7865086062409794
0.7950736984331502
0.7778947406259724
0.7856029467962765
0.7863432806239862
0.7815979220790903
0.7839616791695954
0.7773863159171727
0.785952566943095
0.7890650558751047
0.7939231175136836
0.7758922270841825
0.7803921648095425
0.7844982101612628
0.7802424804452731
0.7755343223614861
0.7808827227669697
0.7808433322094398
0.7851403040442247
0.7802945652272931
0.7835931979131473
0.7855613395483447
0.8012748012087877
0.7831257816621201
0.7817235377851521
0.7813276704566725
0.7814763653343637
0.7757971999696811
0.778841527825564
0.7781246118134552
0.781395772078969
0.78082535636582
0.7797289362380585
0.7822254002815102
0.7848625665899104
0.782780170068944
0.7834124699101461
0.785392919583718
0.7806160751241709
0.7789619447694086
0.7791466705719475
0.7785333978517902
0.7822683987812825
0.7791972186351438
0.7778483332340939
0.7937487118390337
0.7841695237797349
0.7835301365089026
0.7846693996833155
0.7785005174230268
0.7826759441676635
0.7841253887066572
0.7875189158591864
0.787394625472875
0.7773040665674785
0.7862022010765348
0.781956131641138
0.7798081527436493
0.7862051927157623
0.7984603833745801
0.7930991157714457
0.7882925288973431
0.7904723733999236
0.7859128336893518
0.7919896775641224
0.7819190356872553
0.7799750310027596
0.7854958369238316
0.7907027198904725
0.7897144239083308
0.7905720266152364
0.7936759991814081
0.7891832687488329
0.7887248601950053
0.7917826655105136
0.78628220339471
0.784276870923583
0.7879838621254107
0.7969759364011044
0.7919383859631252
0.7857002026653958
0.7730227485134925
0.794885571180043
0.7926453827450616
0.7913553259261332
0.7751555774255121
0.7826597505794959
0.785133653941882
0.787575893258294
0.7830087990544031
0.7928203840893577
0.7786255134921034
0.7894499712293643
0.7838819919299691
0.7881010674974237
0.7829063045241542
0.7763737198326178
0.7842850252537116
0.7886740776602508
0.7857915155713284
0.7879865962806829
0.7771775804104749
0.7991658740956719
0.8010243907930766
0.8041112861333479
0.7978860963206342
0.7692863335099364
0.7918993940630301
0.79075430143829
0.7922523822465087
0.7932303579004775
0.7831838793288259
0.7851332065759665
0.7913603763846447
0.7866003806200119
0.7941452366047811
0.7832172329953077
0.793580627778807
0.8016561234964519
0.8014291396660285
0.8017787805168418
0.8002906487740906
0.7807024785998673
0.788362544701598
0.7993598977124493
0.7930371695253752
0.7970262593218416
0.7811606697206135
0.7880063671418338
0.7880069576355497
0.7899398332843909
0.7900417357108445
0.7731142841877022
0.7873864824112398
0.7880903833821005
0.7882630571130739
0.7891329494699331
0.7798968351428552
0.7872297364295412
0.7835518154860327
0.789605601123361
0.7962740866335583
0.7894404396968171
0.788159059952492
0.7795492286016419
0.7817667722421074
0.7823967905970846
0.7754209885332968
0.78081694279162
0.7830387449563058
0.7678165305970244
0.7711981745104857
0.7850089977650501
0.7768086119888413
0.7839276034495619
0.7786045644302472
0.7675253726976066
0.7798622916672944
0.796394941693859
0.7754893732367916
0.7798908240186136
0.7855967587455053
0.7781611512733837
0.793633828115861
0.791300353742465
0.795084164577284
0.7923697151163837
0.7874951091837384
0.7777687620278552
0.7910464178191671
0.7914382843765773
0.7772802971762823
0.7962239127537295
0.780890415698837
0.799296563959824
0.7770861301453764
0.7913479770276504
0.7796389482177554
0.7703231869407136
0.7793442892721548
0.77873496814485
0.7803930865812709
0.7801767882945451
0.7908174791103104
0.7789119870411152
0.7758589007457203
0.7882047258055116
0.7766742985175306
0.7816130907705267
0.7835995577551268
0.7885321225461955
0.7808178933377361
0.7755233466683272
0.773959221883232
0.7834905741932511
0.7895051505982973
0.7639461604683243
0.7810014139740985
0.7615551366221497
0.7778804043060672
0.7740787745197493
0.7811180026749341
0.7605652885053072
0.7769680433469699
0.7875514990181209
0.7903338565398467
0.7943492468054542
0.7785584299252923
0.7765978794161756
0.7890705625704946
0.7912275215227467
0.7830476857427225
0.7743906337522971
0.7788862944801541
0.7743011464438279
0.7802534034740779
0.773474720496642
0.7745846149307751
0.781403009305984
0.7762595746367326
0.774654827552917
0.7868984351403349
0.7727675097595761
0.7736203233036236
0.7910920605181974
0.7765974005687918
0.7886329913263694
0.7777177141142624
0.7926141816329579
0.7848469865485361
0.766714847053756
0.783092583920481
0.7946068907049191
0.7765607748829976
0.7793228941580167
0.7626851658375589
0.7550065459428194
0.7707635208369237
0.7474075478780025
0.7782428416385959
0.7712272649885398
0.7592407931608381
0.7602109900753001
0.7672234345689685
0.754812590494859
0.7697457690738929
0.7796619106244602
0.78467631703555
0.790314755640519
0.7844116342969525
0.7900473297229378
0.7859648448399877
0.7930635924296406
0.7743038228189459
0.7777378734227524
0.7849388053427403
0.7753971826641212
0.7884567081589292
0.7926302130024623
0.7876656897195583
0.7938870029827723
0.767921850104934
0.773329078114647
0.7864536456884373
0.8033723162026434
0.7849989903916808
0.7898148680869322
0.7841451940400155
0.7813195483704106
0.791859304720775
0.7841914714949715
0.7812692806173005
0.7854389894078481
0.7919353743597124
0.7831629691184646
0.7835740647647542
0.7864793858187555
0.7823763410547041
0.76370379591937
0.754755386224515
0.7923231173278344
0.7819792626476898
0.7801987875073881
0.7894431995415153
0.7831975445970426
0.7794390963346903
0.7964808247284956
0.7904028749012934
0.7841429435281851
0.7788745862815166
0.7888703342959632
0.7856538018705052
0.7791589468917522
0.7701581022636425
0.7864524877937571
0.780268896153822
0.7710418238909532
0.7887840456974043
0.7624151788093574
0.7746996165470235
0.7720475852570698
0.7848962450803485
0.7833196951207749
0.7765529898371192
0.7819598950043856
0.7922905759651614
0.7799247373395057
0.7837224823873122
0.7864392765725171
0.7790957622949756
0.7749051957074472
0.7802700210188024
0.7819811456678392
0.7726964726780808
0.7597017262997837
0.7654291793710373
0.7795819350271027
0.7851468463841142
0.771249298992822
0.7671212872036413
0.7745694298004556
0.7736466514134672
0.7674457363571014
0.7858040727848008
0.7929786381824636
0.780608642615275
0.776598380915671
0.7835829343156122
0.771186476182685
0.7737994391317699
0.781432360705188
0.7808961822612482
0.7781626088827409
0.7776964678192133
0.7749818984361858
0.7806758212794236
0.7766954145554608
0.7748354240165256
0.7815713845223013
0.7744217740312944
0.7719209653775723
0.7810136572892902
0.7816383643338318
0.7717721640719629
0.7830917570456881
0.7782335164190698
0.7764925798392983
0.7793085508054044
0.7835229305663374
0.7771269668689611
0.7684173245480052
0.7797953233462024
0.7667818233610354
0.7827510893946027
0.7882960571200766
0.7913132912776774
0.7869562734010439
0.7706376314255436
0.7825886750761892
0.7697993666985932
0.7643001456394843
0.7784205008669421
0.7803260877278847
0.7767662256334119
0.7844603299966003
0.765997867132813
0.7797096417016969
0.7781000304934278
0.7684632788087056
0.7700596636813017
0.7781211236836786
0.771132826801317
0.786235343746886
0.7653566163409824
0.7800275205392189
0.7756198652889776
0.7932772505209664
0.7685798632760302
0.7900657134325947
0.7921396003105543
0.7565068623540923
0.7545033702451162
0.7612276274223082
0.7717174968477933
0.7771800847328396
0.7796580016831837
0.76216294808769
0.769019747975317
0.7874297131411195
0.753187357103118
0.7799641772756544
0.7707770123560899
0.7813469544154328
0.7908039183798355
0.7831743923838147
0.8011576561324795
0.7915630104335734
0.7847135270364167
0.7813593650169128
0.7974170793906189
0.7880882966749201
0.7895207156285178
0.788182547464845
0.7807990116920159
0.7707104070793966
0.775565687792823
0.7802772445408344
0.7804754176706884
0.7839055868375838
0.7764244028924645
0.7762499573517402
0.7861749443497936
0.775034538978474
0.7821977744506685
0.7652309562499792
0.7735493479000927
0.7723755811763454
0.7893486822419565
0.7901898770843765
0.7673580492610409
0.7757650565738282
0.767299566035431
0.7769188005528118
0.7848489421334135
0.7766348556339652
0.7827451513780429
0.7750102728548417
0.7702877301808624
0.7820411474130756
0.770912919128839
0.7740437171011155
0.7764389214215353
0.7812536917097319
0.7851261542129583
0.7853410295270057
0.7826780442744399
0.7793619242879597
0.7979574594360158
0.7867398974363676
0.78445272244462
0.7896217865755161
0.7907219865259474
0.7976824544251293
0.7829147108772613
0.7862311924661491
0.7776092165363905
0.7780907212979516
0.7837066909066281
0.7925701919434224
0.7924394635150536
0.793369558683494
0.794095245888152
0.7904439184182065
0.8036541314170417
0.7759452477821073
0.7897046175332347
0.7859502831399936
0.7873354154592287
0.7814557178541196
0.7861778483307048
0.7841643213761518
0.7732291044674001
0.7792710294703846
0.7762330110569304
0.7925468440806032
0.7871940423090495
0.7833552661054152
0.7729934469264579
0.7853643465105692
0.8028262067826911
0.7873726461856558
0.7894507754648333
0.7771753187137588
0.780737362244985
0.783926138420164
0.8021845300414102
0.7982416317099789
0.7867730809857739
0.782310754381182
0.7804164981956154
0.7788261021644435
0.7713238264915646
0.7729638029567486
0.7893310556444239
0.7717590040805604
0.78462041102561
0.7715140346961038
0.7714946826404971
0.7800981944514063
0.7935672393128
0.7868394487255671
0.7703073119607103
0.7815702091598226
0.8015607880655878
0.7902967277766697
0.7787003501944048
0.7678329209644383
0.7972516118388193
0.7742288117512802
0.7917466569758989
0.7767847977813266
0.7729107181300803
0.7747114124462938
0.7831529748696056
0.7754753314968549
0.7937680182207967
0.7874363460663024
0.786330919955919
0.7699679907260786
0.778516287460531
0.7616716515784612
0.7616572734381323
0.764783203296098
0.7788127830518818
0.7856210117270891
0.78776834158725
0.7706616303914705
0.7763700493674367
0.7665885724467223
0.7694899985575845
0.7758563835656137
0.8005891568569679
0.7904919831114338
0.7637787383967305
0.7737649442484561
0.7817986915379846
0.7815238528373116
0.7779510687816432
0.7786524294482505
0.7718374052887609
0.7825153496477648
0.7735892404146654
0.7758236972720349
0.7629680671746991
0.7700938066623061
0.7782781444717614
0.7745596993263705
0.7725023039952423
0.779702237364916
0.7941768960841307
0.7772610961609194
0.7887987229729515
0.7809071169261681
0.7846802163662786
0.787525263177732
0.7816762419939357
0.7741852257054072
0.7736165744028071
0.7885352233995446
0.789359383734951
0.7904878677130552
0.7854181570173531
0.7756836194455942
0.7862147805104862
0.7837619925395095
0.7810343346932629
0.7845031832006727
0.7963159283021833
0.7712954520398291
0.7626908760715294
0.7851172422451251
0.7765268854606961
0.7645774232604331
0.7787072168340772
0.7738542299502172
0.751499600907921
