0.7612017767229522
0.7356772089741179
0.7453543310431735
0.7457162270071467
0.7336982325919751
0.7502738907684674
0.7456928953233078
0.7542176932921505
0.7710507517060602
0.744428794805723
0.761573518104096
0.7426242128311568
0.7727217271939779
0.7672003750912418
0.7589903776541821
0.8079095402010004
0.762216166109991
0.7270131929537932
0.7337182178884514
0.7635335284463812
0.7543297330523236
0.7430996927369755
0.7488972417863992
0.7525463189991287
0.7549285487994947
0.7534574817216274
0.7439443752419159
0.7762714768507961
0.7870639079121176
0.7406010542777594
0.7389978336212816
0.7531953057989618
0.7553302491815241
0.7667528099462716
0.7253496178165277
0.7565210792288983
0.7563774982027821
0.7752680497825094
0.7593516085429747
0.7133542766928149
0.7470412210525215
0.7570616702644882
0.7495871089908432
0.7576479254690398
0.7195576544333541
0.7630838846040332
0.7500939220451239
0.6913065574038052
0.7621218557498893
0.771256060210071
0.7617417173731894
0.7589154506614183
0.7508126796734736
0.7434511736186908
0.7428985955026264
0.7487615333109419
0.7499335937539813
0.7453705496913237
0.7553351198661675
0.7559399582592574
0.7600431088675617
0.7736494160363033
0.7463427917070543
0.7543426758617375
0.7583361946219044
0.750260922440586
0.7509617932295877
0.7383659535573405
0.7538674171706653
0.7589127713568642
0.7681183971153391
0.7456395485052121
0.7435117806087806
0.7565510664546756
0.7468180123026803
0.7393366877121752
0.7371299554828011
0.7444019664255005
0.7552612642488343
0.7469912185919036
0.7493918052465992
0.7468913709171016
0.7634759899200166
0.7510897543189808
0.7477282165365214
0.7497714232417395
0.7451494937810589
0.7378026286390967
0.7470218143753551
0.7461555483812422
0.756772913670723
0.750952713076178
0.7469182659526943
0.7665475351159533
0.7498857473640644
0.7660578236191569
0.7480945484934605
0.7507113726251028
0.7412754900066179
0.7424474408073152
0.7278345087459009
0.743766571918183
0.7495481942429842
0.7413038042831939
0.7415837752726314
0.7633627329513433
0.7406460681941315
0.7502707412240074
0.7501699895412326
0.7451458845538802
0.7495522670440329
0.7528227895174663
0.754523081991405
0.758811850885329
0.7358793208737248
0.7531915213064528
0.742387569194706
0.7431192515545912
0.7526772431740856
0.7618176443888928
0.756545776984246
0.7577998379514573
0.7526187667864062
0.7414630107382435
0.7652309185744809
0.7509513195442198
0.7486559818676662
0.7405529449451348
0.759775511012762
0.7513063323384017
0.7592884269740822
0.763133924436711
0.7457174390530198
0.7551582691666708
0.7128249512339777
0.7435382505929056
0.7389880788287424
0.7554011729580248
0.7698666310499949
0.7603476072899117
0.7343284083309058
0.7121373470840178
0.7678336169048012
0.7683954450160456
0.7530286588971425
0.7318420912750908
0.7337953420561052
0.7505967048407479
0.7593759154019021
0.748718710034739
0.7729507639998686
0.7250771974996779
0.7622241437036713
0.7514191236646711
0.7564431901553865
0.7520799124480874
0.7266926839847464
0.7527733804492522
0.7613527084294935
0.756491797223597
0.7610204502811305
0.7351074366924087
0.781638547839911
0.7815837530013913
0.7912207284977578
0.7787106348274672
0.7270195964971752
0.7666763122191691
0.7644087627192991
0.7656081875443358
0.771390133619026
0.7478722941094661
0.754540023509555
0.7640645624167914
0.7555984346810092
0.7736284202705197
0.7548177562902435
0.7638488394112357
0.7899924022958638
0.7875362595311743
0.782874774532868
0.7812696413944835
0.7364309767253909
0.7559546927102679
0.7821383236842243
0.7660203430280241
0.7767662927377973
0.7398471150322301
0.7478815877565557
0.7497396359739401
0.7618010010922752
0.7525981669663154
0.7160119427284898
0.7490753044479017
0.7492633662833162
0.7510161192631669
0.7536093899095601
0.7366027721945291
0.7563271096378736
0.7477098393329836
0.7626768798639729
0.7676019063741426
0.7592054565544388
0.7528763901656423
0.7314564653400084
0.7304357109089425
0.7253238155108132
0.7240871529411111
0.7374205073012274
0.7246901052427211
0.7094761575148042
0.715030086024384
0.7396490114991853
0.7265559933273443
0.7399224993273379
0.7169254985501089
0.7049444211065488
0.7300729903765146
0.7646766335374549
0.7218680989288756
0.7315480131113159
0.7398305675967729
0.7313937809233584
0.7562224672843629
0.7548225996347058
0.7609808212407305
0.7493342318685042
0.7421883490811368
0.7271812353488517
0.7498558351161572
0.7520805858193994
0.7261594910495104
0.7591890132519843
0.7275737942393474
0.7666755648617543
0.7242988231466356
0.7570925997581796
0.7328006526632121
0.7231993767544246
0.7262882162983078
0.7216844566697816
0.7290225697476574
0.7262152889309925
0.7422326649435097
0.7247279352275953
0.7200244779875903
0.7407882562655286
0.724921367716317
0.7274971761897987
0.7282100183085891
0.7340377257914521
0.7256586527693416
0.7216060092332911
0.7164750218401793
0.7335415081577263
0.7495360756105875
0.6964120232274894
0.7283295881131676
0.7024372749707073
0.7182864827270582
0.7197070991199718
0.7216004149469509
0.70040925079958
0.720117802161407
0.7449717341864706
0.7487926017702939
0.7537063164654
0.7282780561498134
0.7100323468947891
0.745144809172289
0.7482565486915044
0.7289876877286581
0.7192585174386206
0.7287272232528363
0.7235732285698777
0.7313981492350423
0.7102228556405129
0.706390605675464
0.7245001329273745
0.7196293290453767
0.7356341627975613
0.73602330780774
0.7123602648435524
0.7032260130261889
0.7438032059225331
0.7207870197119853
0.7250801495345008
0.7139796621549952
0.7489697994609168
0.7305505345745698
0.7019935385852183
0.7226902383743482
0.7409806964567128
0.7312561398726225
0.7148328362266445
0.703300594576622
0.6797676652320429
0.7056031465242621
0.6594218938313002
0.7113710830005694
0.7036362557435935
0.6877003526361797
0.698080649020944
0.704212384914149
0.6823170578616262
0.7013752600885901
0.7270471880507131
0.7228672601446091
0.7384643862504303
0.7299637551281454
0.7355015429210164
0.7366880520600513
0.7441413961678686
0.7059376933989318
0.7134461008281863
0.7261599493592289
0.7090081186408527
0.7395875534667301
0.7399806577659226
0.7243916927418999
0.7451030532877964
0.6887709546566687
0.704328335454586
0.7258698309026165
0.7745930187103023
0.7368699030588798
0.7502366590272049
0.7214440054367603
0.7191721672564454
0.7391374980091943
0.7269183581247439
0.711096926690486
0.7232357861002311
0.7377349830656129
0.7273659037092164
0.7244254938567681
0.7339077436569786
0.7250188472410473
0.6938246771559747
0.6760782031065705
0.7435101357982236
0.7231720591752989
0.7175340353103468
0.7410638151788357
0.7312429453009587
0.7255182284060915
0.74080810572454
0.7392905750153492
0.7281043951986349
0.7207411245269117
0.7336920196324377
0.7273192253996459
0.7188259168764776
0.6971592145281574
0.7285942274698769
0.7182815778775454
0.7053509603344987
0.7315384775565019
0.699603606136171
0.7087268370563921
0.6979351777689519
0.7252589100513672
0.7265224430807777
0.7117740625621747
0.7242359241660016
0.7348612503455993
0.7198948345250201
0.7239461325913635
0.7247079580103387
0.7112378468928187
0.7104485271128217
0.7147402506519727
0.7215281287842564
0.719362922658887
0.6819296597512672
0.6937431237985786
0.7124310514216327
0.7301692635479508
0.70562178428388
0.7020493550435852
0.7140541052740587
0.7076439737043428
0.7003079442722571
0.7291440789486554
0.7554004311394024
0.7186963343376745
0.7186822937744972
0.7270666490011553
0.7201540729717224
0.7141566873191089
0.7311194066755604
0.725622057725247
0.7224984222619316
0.7209272839548561
0.7116831561798086
0.7211158283602956
0.7134318681733514
0.7125946045031837
0.7221822431326133
0.7094649980316802
0.7071107662230456
0.7132862837848771
0.7233960120963073
0.7070362688762517
0.7275637031916645
0.7084280736140252
0.7165100904306518
0.7148263541345985
0.730615471197263
0.71028860007705
0.6986524050750889
0.7171660343006496
0.6942614743672426
0.7197434942682407
0.7369854735227674
0.7488619743689507
0.7324230561610995
0.7093734239000725
0.7239987685169916
0.7030149247211485
0.693261748137576
0.7168511261420568
0.7182477044055506
0.7117687284147386
0.7253943303835066
0.7048773979679596
0.7153530268692615
0.7188350531770061
0.7013992156503962
0.7065671038729722
0.7142757378423499
0.7040401671148396
0.7303580090905889
0.6944929912283717
0.7130173070249572
0.7117806210152919
0.7375268059797097
0.7012147631735283
0.7389274911381618
0.7333718095856279
0.6678958299316786
0.6698112968311782
0.680873364988615
0.7038695112250125
0.7148228860106919
0.7244127555853798
0.6911120053311324
0.7022071557353242
0.739797019171814
0.6769948885168903
0.7092089318249807
0.692706549744589
0.725269421801885
0.7470083259831218
0.7192613737185015
0.7532267254658792
0.7406232986933664
0.7259301623378986
0.7200943542020074
0.754958283931828
0.7272467682980768
0.7336228264156353
0.7276115542920114
0.7179845195289907
0.6997485524200661
0.7119833672494462
0.7174849835041728
0.7178294055544394
0.7243622157847758
0.7172324075904462
0.7083466207288177
0.7249772308002838
0.7173573169589981
0.7212206593254218
0.6909684423310622
0.7125141210854379
0.7028076336660366
0.7281774984066238
0.7254581855182235
0.7055233847895436
0.7082739398771492
0.7027828144284459
0.7161011831843166
0.7239499768961107
0.706186264211329
0.7284995500925652
0.709817292210579
0.7023578138458227
0.7172215640880054
0.7042632106769993
0.7115877725558968
0.7072650854552456
0.7182106925949209
0.7323256867212298
0.7275556676182234
0.7207601180749414
0.7142555227503906
0.7354907327500497
0.7380137629761887
0.7260647609961164
0.7362957430376761
0.7319587483274596
0.7380380437851949
0.7277840758067734
0.7224710738442368
0.7097774448250844
0.7160823386729753
0.73509696960342
0.7421308066644068
0.7331390066038634
0.7434876348923987
0.7458949183922011
0.7345627502582782
0.7568586923024564
0.7115122240960617
0.7291110299226895
0.7183572868787342
0.7276998537148666
0.7277204817196208
0.7333587698551044
0.7280907233191214
0.705735879566865
0.7137254402845526
0.7103167295865537
0.7309449405620971
0.7381598761994348
0.7113194304057193
0.7162069712532937
0.7205953300201652
0.7508422347737265
0.7205030143313669
0.7195755632882234
0.7169427349087225
0.7148442802337573
0.7183164550578683
0.7399662551725863
0.7404179881573416
0.7126726365692416
0.713713012171283
0.7114786159428245
0.7128371670241717
0.7009508479447791
0.6941063397140833
0.7217200745214544
0.6957399158841884
0.7176004406826202
0.7049392833183411
0.6955108910881624
0.7086458960556055
0.7270615871763362
0.723425120422561
0.6946839294918827
0.7114647591392461
0.7358111960324414
0.7234305926562201
0.707264131082246
0.6901369350576436
0.7244592640222833
0.7024430250080675
0.7225607587804461
0.7015046244114381
0.691740446883023
0.7047735256723558
0.7147662257567294
0.6984279682365636
0.7273011310267846
0.7189179525556311
0.7164500190052167
0.69629859943426
0.7021293797978646
0.6863219890668719
0.6888237143492014
0.687619268795739
0.7017946961635997
0.7118436357731502
0.7214305778463164
0.7010501161602968
0.7053989549884049
0.6902476742749185
0.6994237910987404
0.7046601925225033
0.7538221174463932
0.720698405218794
0.6904600270398553
0.6952734301845721
0.7164712897391792
0.7079329576703497
0.7030365885047191
0.7070763443476837
0.696933397261804
0.7173463300883933
0.6961442976029625
0.6958603322221294
0.6871423180666307
0.6935382031619847
0.7053093693044372
0.6997381392994434
0.6935655080787635
0.7095924293479495
0.7246988671515636
0.7095579165643005
0.7181765873067795
0.7109941563145237
0.7201453119956154
0.7144902448123417
0.7107842425282122
0.6926889017223825
0.701479100223772
0.7237270783208025
0.7243217159598188
0.7273064662357718
0.7187160052646566
0.7037133060196383
0.7176938871270865
0.7188878169639783
0.7169542146398493
0.7181733724648602
0.7366530822933884
0.7032827421282677
0.694089229955441
0.7154988246025443
0.7164284023260613
0.70262383038399
0.7154792777019156
0.7120363567345155
0.7105677420809913
