0.6840943621283597
0.662155728001846
0.6690557281518335
0.6669828459012608
0.6564089073270843
0.6682311687173902
0.6687597378230934
0.6749715213334239
0.6895346310451449
0.6606189304898469
0.6772685744209531
0.6619832364412636
0.6962223806377421
0.6905008729240634
0.6823445816853617
0.7312081565234342
0.6843836365784035
0.6440374925456619
0.6559560566405623
0.6878866400490551
0.6748083595248271
0.6674759081914874
0.6685949241886685
0.674536473599793
0.6794868755160739
0.6735320421359912
0.6630291488100419
0.703605343110359
0.7121822422003382
0.660524205752372
0.6649432052442511
0.6765691441387323
0.6756603589978512
0.6891033288194257
0.6504525749574384
0.6797236355602518
0.6794081897905694
0.6999285214337388
0.6799780942808464
0.6383665033575573
0.6683716950813524
0.6815081680466445
0.6717496361086416
0.6789189814268956
0.6460187038317495
0.6842040123067381
0.6702229177182688
0.6214055641871596
0.6840075447636312
0.6911857436458219
0.6797308382198006
0.6787009694839139
0.6706273600431403
0.666890114899549
0.6748559282123483
0.6684963155862031
0.6691613795421304
0.6623128251834106
0.674582212657529
0.6784846329094208
0.6824149127856214
0.6955248648592173
0.6674629194097592
0.6784556733172015
0.6815538815248865
0.6746313438077293
0.6700342577385967
0.6623391830239901
0.6765424117613885
0.6843508920689468
0.6918771777565942
0.6681236021808951
0.6650600861466337
0.6771921214866483
0.6678527063158051
0.658632415914507
0.6584345019458341
0.663091132469032
0.6777380969273241
0.6666789172827143
0.6693175769152414
0.6663950068146957
0.6976280607304514
0.6703415682147124
0.6671018958599263
0.6703640886191807
0.6644681075836532
0.6619513973076216
0.6699624805039356
0.6673093467735746
0.6780500635051616
0.6726651602096094
0.6687551655446254
0.6811532057035581
0.6707517248347743
0.6797514952598291
0.6685801973988528
0.6706090865531269
0.6614244008004767
0.6619356744039074
0.6504101579017106
0.6631400028270158
0.670111773490491
0.6614499136806077
0.6627965684191358
0.6861164492729975
0.6636636515116446
0.6724075725840699
0.6699664317294897
0.6637064002388572
0.6711518298591175
0.6755974535276226
0.6758864824309486
0.6825657793126998
0.657988126007114
0.6737120859050776
0.6644621531835175
0.6612605976453358
0.6727450740016432
0.6875891320920665
0.6781226148990851
0.6783705698297499
0.6729530064625328
0.6665667844153162
0.6859590798110066
0.6710303707966677
0.6685880967307652
0.6617078398694093
0.6807879841529123
0.6756955979599375
0.679696222355314
0.6837084553243171
0.6691301250169285
0.6762218151941942
0.6435715370361222
0.6650022303241891
0.6619246019363205
0.676849034673536
0.6913304166758663
0.6779286802439756
0.6569745688987262
0.635229471594155
0.6874214133798694
0.6903126579715796
0.6759949112706352
0.6537638333460417
0.6581591606205054
0.6706082341067684
0.6803765686738639
0.6684393168407546
0.6950180563555188
0.64747963781691
0.6832533995566441
0.6725875093537648
0.6771271231731627
0.6727757446277937
0.647735323440808
0.6732566305234842
0.681699446317961
0.6757343419987271
0.6821640800424541
0.658068446145854
0.7034746930559199
0.7026228936691298
0.7129969012159983
0.6993377633283139
0.6504953915866414
0.6891680234663997
0.686536566168016
0.6880000969718711
0.6940459938361985
0.6710114028866286
0.6760496592174409
0.6852208363564806
0.6767798593333403
0.6969303078880169
0.6809592802028008
0.685743144567809
0.7130203020065791
0.7102161559976321
0.7033625050888257
0.7036971579622882
0.6582393447018489
0.6763747413827678
0.7035179524522231
0.6875046895210893
0.698008512342025
0.6604744651057519
0.671681536819989
0.672673407416597
0.6838315027776662
0.6754619715545033
0.6403716373358364
0.6717976012033076
0.6721632366895297
0.6739794751916652
0.6782546193931563
0.6554726058556766
0.6778066924580541
0.6664517261952054
0.6843665932319825
0.687752368689409
0.6809633560011495
0.6730015554900055
0.6568891841916775
0.6582017947029941
0.6517288140031706
0.6467198635608709
0.66030081606233
0.6465029280265177
0.6345293029688815
0.6382522894796024
0.6627147479923419
0.6518915001546238
0.6573026011150535
0.637591736484846
0.6281743664255659
0.65181703878698
0.6757870538892602
0.6450228662855004
0.6534942621335311
0.6603367444811571
0.6524952235251182
0.6828424976191536
0.6775846624003576
0.6835269487087823
0.6710255546144529
0.6627892788781379
0.6511098909177986
0.6703932537786662
0.6717287743273186
0.650698502106097
0.6800302188837279
0.6513393377204336
0.6873558078701469
0.6461771694837436
0.676878940529312
0.6577112466122914
0.6493981918387639
0.6493557821137714
0.6488367307831043
0.6523611938587238
0.6520414066443222
0.6641408432199087
0.6483028677416194
0.6477192332596899
0.6662557545415253
0.6530921031292258
0.6549384991382458
0.6508559458037638
0.6576376606382672
0.6490588452613186
0.6450794990990885
0.6418753130853477
0.6572515212797593
0.6774804578253198
0.6172079870714382
0.6516861058919841
0.6270849746274181
0.6419873444006635
0.6443134790355688
0.6454315941164502
0.6294723847325155
0.6447746420532251
0.6677650713015423
0.6717476837616765
0.6728087640369482
0.652802047346128
0.6232077392581981
0.6691698166698989
0.6746564072467867
0.6503223786060082
0.6443566094160943
0.6530102206458186
0.6469509526176431
0.6583762674539434
0.6390130555096429
0.6286456147317339
0.6481361965039127
0.6424537076643924
0.6622640377364076
0.6608890342949861
0.6370870271124672
0.6261388650992868
0.6616454627556277
0.642479431067939
0.6492946339297192
0.6416360275128004
0.6684663277338316
0.6505866689401829
0.6280187750660318
0.6437421833215137
0.6594507028285076
0.6532624111324027
0.6394583803321715
0.627899437705889
0.6062176482858181
0.6343698909784307
0.5907272120622172
0.635428484406814
0.6220871192379391
0.6151048437688644
0.6281774057240429
0.6335467009851461
0.6125453458186594
0.625615727821151
0.6530941219936347
0.6449970393998513
0.6553686092337659
0.6577267281817153
0.6545104942565427
0.6610953550508294
0.6700493956836219
0.6302756939386265
0.6360745419431986
0.6482604824280441
0.631333584761566
0.6609847564618074
0.6629008428342923
0.6504331633543811
0.6646607613354897
0.6101014286854997
0.6244241735534303
0.6517357968276455
0.6961354809118251
0.6565963661334712
0.6676909467617518
0.6408126675795415
0.6399843751918768
0.6557217995244773
0.6413213142340872
0.633958558067287
0.6416052213011236
0.6561444351833841
0.6478014682831744
0.6472947298388623
0.6530502722885937
0.6442655335823463
0.6170177507831709
0.5963960194743457
0.6632032668735437
0.6452842663291437
0.6351310173039485
0.6600059165569137
0.6541529032898713
0.6442248674788045
0.6567521439278017
0.6585765570487424
0.6524936813168168
0.636623048545942
0.6514571568520483
0.6476379975256111
0.6382475796273629
0.6230693108074954
0.6472799156633425
0.6391372234046183
0.6263397966385729
0.6522644155730852
0.6216390470593366
0.6331106290575006
0.6194020301850515
0.6485378553116822
0.6388392775162289
0.6326439368629212
0.6324179521533232
0.6487172619162562
0.6355194711246597
0.640292850842676
0.6402039855670888
0.6379674987374784
0.634849600228472
0.6266597495921045
0.632985831328504
0.6243377746818318
0.6074707529884499
0.6201929959374831
0.6320285108265352
0.65679079065301
0.6288908943844792
0.6298370245305625
0.6233850456855634
0.6218165041703335
0.6234249236630457
0.6406937764548744
0.6727458133277503
0.6415199316229699
0.6297808095610044
0.6377837790530574
0.6305759183992881
0.6304409561342502
0.6416320999382862
0.6357834135017778
0.6434041570889961
0.6447821455561499
0.6314222437730739
0.6292330734379112
0.6243914528423985
0.6358608218293863
0.6355950670668549
0.62956996623789
0.6135420771623542
0.6341096377091135
0.6440203657423594
0.6244128236922519
0.6400345963608218
0.6275661630057737
0.630256706585683
0.6285442474957706
0.6529225353670006
0.6222882425453801
0.612773419420741
0.6363250632164108
0.6072370555746913
0.6317881958034072
0.646660286421551
0.6601068650205136
0.6566009098832537
0.6235209093083097
0.6356519179067013
0.6207348636081804
0.6107986796133075
0.6375270497857496
0.6316293395664868
0.6349045745666307
0.6216297364686124
0.625294465939319
0.6337371380590366
0.6289806715298804
0.6212684143604461
0.6324085491315288
0.6263750016324949
0.6280087834176415
0.6400360784225235
0.6199609580797859
0.6306533335966886
0.6286894936675153
0.6518135674559272
0.6256690189445762
0.6502879058278115
0.6430678951502247
0.590403292071773
0.5951334888546992
0.6089599860858006
0.614365643398734
0.6345008177070958
0.6416464741529961
0.6132777569889396
0.6183291784894537
0.6540303146504738
0.599321516751144
0.6345885726317395
0.6220817974522775
0.6447384077535769
0.6657381545253026
0.6386183706878437
0.6727415499823685
0.6596331680273616
0.6413886572251503
0.6462019904968433
0.670771062202184
0.6493916577441722
0.6517575579811068
0.6544066113880787
0.6440716562551941
0.6263191992174254
0.6311071208256939
0.632178240782655
0.6354405607720625
0.6432767880493485
0.6413466329682274
0.6327252676812294
0.6412010656658776
0.6403123744264663
0.6431707807400311
0.6128581297634969
0.6332003937711229
0.6283147766031453
0.6478624943025918
0.6491658120621957
0.6186362684361515
0.6324824231568784
0.6282871805520203
0.6396354355578165
0.6411608343319907
0.6282020308098591
0.6479107748091475
0.6369763716176788
0.6310398019310058
0.6368383712823521
0.6289759940526325
0.6391006106592141
0.6280040093141345
0.64497837555922
0.6588421691043397
0.6556150009966039
0.648846303698247
0.6326331590580705
0.6543124930835091
0.663174559579824
0.6519164876951719
0.6613660461634195
0.6550848727825525
0.6600458763484044
0.652848197124343
0.6432244114745412
0.6293513302921875
0.6439005213653326
0.6609934570152896
0.6684497438548644
0.6552157444209297
0.6664389665427056
0.6687022998917413
0.6549374351961876
0.6837504079152437
0.6380277350639015
0.6584185110437201
0.6464943029504329
0.651583089172039
0.6558549484065855
0.6622147049696019
0.6563118643954954
0.6292561617897507
0.6348946012716454
0.6386652429784889
0.6629478912122937
0.6691552222494018
0.6405512490450387
0.6528452194495525
0.6580110201051863
0.6835925943999042
0.65858008633301
0.6493637653111481
0.65399323791982
0.6486754228335212
0.6479127447275553
0.6715631141682873
0.6740584734136007
0.6435089792273913
0.6484979877010077
0.6444681500505214
0.6468917506364654
0.6382400266147973
0.6298162234409463
0.6521248726556335
0.6277476879321536
0.6485887645135784
0.6423467942379749
0.6294081429152305
0.6439024775855172
0.6599594717920116
0.6543009071700345
0.631664444101193
0.6479840193490668
0.6665840162683456
0.6562413351673239
0.6411034971344628
0.6263653803600485
0.6574990741934578
0.637313647493426
0.6558549484065855
0.6367884197445303
0.6217188366565894
0.6419000719058863
0.6539007064407204
0.6366016305742417
0.6629258591640528
0.6527628659238408
0.6467097639161172
0.635913852473753
0.6288365534935151
0.6237735307834922
0.6257458257298161
0.6255905905175795
0.6360850859774198
0.6475122334769123
0.6550336367960689
0.6412169916698693
0.6407191229597056
0.6274392371271307
0.6341559321624829
0.6452426851129754
0.6937363095305417
0.6559533475544289
0.6292553995887714
0.6338739934822629
0.6520143737771662
0.6453950140732116
0.6385805789189588
0.6427191186857437
0.6370122746907889
0.654926030521115
0.6384462724802994
0.6353287297297029
0.625531302986758
0.6326641507012452
0.6474315076709133
0.6335000049898911
0.6348122011356752
0.6505540087906295
0.6661763760380653
0.6469183271706843
0.6463219536359621
0.6524184325588216
0.6571112193545026
0.6516055873055507
0.6524434002403463
0.6316114369351047
0.6381327234811324
0.6640486749372563
0.6629405757361262
0.6648885118236981
0.6593256079083489
0.6366975872595732
0.6566300660178495
0.6570243628045271
0.6558893503281119
0.6573681504702705
0.6776559305217906
0.6444427990139892
0.6316012706670296
0.6525209329504866
0.6515487262685971
0.6416328544359694
0.6510148222116603
0.6516202226408924
0.6504434691678149
