0.7160041053040346
0.6959108733538953
0.7026587397879159
0.7042423170085474
0.6956517845513632
0.70525982337058
0.7040028602533592
0.7083817301785992
0.7219999258538211
0.6990728682347783
0.7146117038376473
0.7026945258281544
0.7198771273885781
0.7166834339048271
0.711367362167279
0.7468292621236707
0.7142957459670136
0.691317273278975
0.6978505256444035
0.7165426041931465
0.7086014329132041
0.701981605989066
0.7087571652836417
0.7099092264843072
0.704054041849888
0.7066025530689284
0.7019384673438382
0.7308485179773062
0.7285410060942962
0.7030757060047411
0.700170446134527
0.7098439441082395
0.711702486737031
0.7234868628977338
0.6909453934277785
0.7121590390488995
0.712096647772961
0.7250893506356053
0.7156728648282425
0.6842413764567737
0.7047691218699615
0.716278357108547
0.7077226088832299
0.7178783302367732
0.6886063845891911
0.7159137209702507
0.7096929711385329
0.6702506663858931
0.7160974556848997
0.7242110830052887
0.7138830009870196
0.7140755839376778
0.7077139981566453
0.7018666699989189
0.7027096516645089
0.7044834902996152
0.7052837970442133
0.7012091981094967
0.7105818149226266
0.7157112233876368
0.7149810314912189
0.7240513791812538
0.7057428574363878
0.7086380038746873
0.7107777702325079
0.7030339600878578
0.7077665623552754
0.6948981090360651
0.7096758271573891
0.7123838466849468
0.7197107705204104
0.6990043640521625
0.699595007317084
0.7104424882459914
0.7034258902675644
0.6963931302418563
0.7011356154131949
0.7041460927626466
0.7114611341541051
0.7048923727169113
0.7080481862676821
0.707503352578199
0.7150275135459174
0.7081003585702023
0.7055576959313284
0.707473734285435
0.7052256664214923
0.6968199784984846
0.7027191528245773
0.7030716395387384
0.7096550981981534
0.7063750728923636
0.7017441546902362
0.7120085786357712
0.7081077037213661
0.7116111316238786
0.7062158016949777
0.7094933303549845
0.7012263624136492
0.701750397241757
0.6955078467954916
0.7028529846874617
0.705888179089531
0.7013614300672624
0.6999135215245897
0.7184200745620913
0.7015578135696589
0.707442015992278
0.7082162841625079
0.7051880502537857
0.7068917553860331
0.7084853089704016
0.7121030548164824
0.7153295448638495
0.6952862383344346
0.7093416344913953
0.7022201161515841
0.7015753701411853
0.7093879918671107
0.7209713144884471
0.7129305417902988
0.7135054109537187
0.7157547969470983
0.703794213314069
0.7194600481927879
0.708069850242094
0.7058207102487409
0.7042156356493656
0.716314848741897
0.7101548056563349
0.7170204287574599
0.720830471785942
0.7075162393804232
0.7128209610302834
0.6841531555469674
0.7048326608901501
0.7021149383973095
0.7130636430886435
0.723285990672329
0.7149889071650887
0.6983957927702711
0.6803388985641707
0.7213171887566165
0.7212930993948636
0.7114684765356811
0.6937876876369374
0.6968953099226842
0.7094644571718736
0.7144802774493983
0.7075126247997561
0.7240012947356489
0.6923282274016025
0.7166189020578208
0.7090234855562942
0.7131047040054177
0.7092709088675
0.692415995291004
0.710224944085464
0.7167208533502414
0.7136472798568639
0.7160604318458058
0.6947398121024432
0.7306117280428664
0.7322364029085298
0.7382914346231628
0.7292341179126338
0.688083446641142
0.7197572186509119
0.7186605916942678
0.7187433985513016
0.7226988109293915
0.7053036532461447
0.7113157380131893
0.7186615106116477
0.711795920689504
0.7243842598980591
0.707837946746709
0.7188209541343031
0.7367971624957199
0.7357410466227531
0.7333148924327079
0.7325301547394448
0.6999651509239848
0.7131043715716215
0.7323577214733236
0.7212074102452435
0.7283020845313171
0.701155208234357
0.7090035947597625
0.7096662875553712
0.7179676461980697
0.7127031632703293
0.6858370087346405
0.7091550623381304
0.7096535350251052
0.7108058595728322
0.712212071803318
0.699961752499503
0.7141817480646603
0.7083105134868416
0.7184905360062083
0.7243452022111098
0.7170189925525456
0.7134640832374853
0.6961309991657466
0.6955623403743492
0.6959817934844778
0.6913056775574525
0.7014915539742153
0.6939244588482856
0.6782534845006521
0.6847641842758363
0.703994233401654
0.6936435553702482
0.7052164680676183
0.6858112815109784
0.6765224213986435
0.695829177373083
0.7186002434995507
0.689886169511666
0.6965537724040646
0.703251328262427
0.6968191575977127
0.7144828504595047
0.7148453536694542
0.7197740632030871
0.7135044588642073
0.7080578296110557
0.6939299763883305
0.7138844394371621
0.7141402540460781
0.6923144347319113
0.7198059274617492
0.6935046998222287
0.7254847814007293
0.6896710618945104
0.7204600699735676
0.6978130102007821
0.6861868512557717
0.6948968945175246
0.6930237962372909
0.6964353225048374
0.6964132826550982
0.7092704546340093
0.6945607153330177
0.6870495596602322
0.7073792975684858
0.6899304097782786
0.6947263711619581
0.7012325587865481
0.7027798836925266
0.6963674767112831
0.6903388774787268
0.6874340564621014
0.7028926701458067
0.7081295976940856
0.6708571056955575
0.6954205223006821
0.6739163952563098
0.6896057255480812
0.6893107276422812
0.6938349367747965
0.6699374117326037
0.6874455040170192
0.7074858676015515
0.710663898735365
0.7205706789907061
0.6937671335231503
0.6839849646038119
0.7075752778995688
0.7097750804844216
0.6982679462674678
0.6887087029868731
0.6957034185546195
0.6896004835701116
0.6965788722724373
0.6799461133883382
0.685187426327174
0.6944598353733531
0.6896520215668126
0.6958081179646958
0.7043279409391905
0.6861372572129237
0.6786059316727908
0.7154763850165629
0.6925878568938573
0.6967274507553002
0.6834345719727352
0.7153883512547613
0.7030567857113886
0.6756608493553721
0.6947171265350731
0.7111378708440104
0.7014611997306641
0.6880027952476011
0.6787336163412884
0.6606835046926092
0.6840197983577256
0.6490706404140412
0.687916063179769
0.6800377876705287
0.6654418140523897
0.6729112512831793
0.6795722848052813
0.6624645962518031
0.6799841258613081
0.6912215174562368
0.6973624076728826
0.7060633564297105
0.6972158971149334
0.7072452285155941
0.6995994021751522
0.7115838678391387
0.6867230081887394
0.6930755556779981
0.7030275066631506
0.6892859975357137
0.7023469024512892
0.7062401957054946
0.6980234430331622
0.7129640809842097
0.6704789145270087
0.678453056957063
0.6966597773451672
0.7357362094720709
0.7012657647499015
0.709865792465591
0.6937337747715436
0.693667238448026
0.7082961485150489
0.7002200836606749
0.6837962955642144
0.6978295285367138
0.7076831337362919
0.696848038066351
0.6958466512356456
0.7009869749844168
0.6977690063204539
0.6731836065389012
0.6595674803719653
0.7101744410950747
0.6963529025942186
0.6877286883718623
0.7079712120377445
0.7009060293925393
0.6966152304225304
0.7156514743475071
0.7077894133578441
0.6950763658291831
0.6849885713760374
0.7024050326086626
0.7005000688185655
0.6909256676039716
0.6741486955680589
0.7034673339638009
0.6927153364397731
0.6802995111445814
0.70131167694412
0.6722712032414188
0.6807087677418524
0.6766549484843519
0.6992700679155215
0.7008455963166033
0.6845464924290983
0.7001530337350524
0.712563665914232
0.696259872788882
0.6972583526032413
0.7039880919953301
0.6857220924849539
0.683305467674482
0.6939434656795038
0.6950265032009485
0.6876675557903374
0.6608300632212886
0.6714623227422739
0.6923819123492428
0.6998387444602413
0.6810019207253939
0.6722752411566859
0.6917246037805108
0.6850090990278752
0.6730500726063159
0.7031882597029993
0.7162528326189047
0.6942309867118486
0.6870579027618041
0.7011306040338381
0.6862229538154972
0.686092463191771
0.6968114331862549
0.6983779394705355
0.6898146460190161
0.692454082474502
0.6860215039137098
0.69916692578376
0.6890056408995339
0.6838239202094083
0.6992465870251808
0.6861502625202552
0.6834078033609041
0.6866336003064663
0.695427942303342
0.6825256318660603
0.7029672931836779
0.6852383798605058
0.6918382939165404
0.6935361848517212
0.7028112508081098
0.6851456407822871
0.68124252553017
0.6935075216217055
0.6790579175143596
0.6989412250787266
0.7061681900811281
0.7190052890038254
0.7009965418670546
0.686988424996535
0.6967531589160707
0.6834118887668581
0.6763316567325129
0.6941294154871364
0.6920242413071983
0.6856262019308873
0.7071956169892021
0.6768921911007453
0.6934132718127495
0.6947526754192568
0.6806024022379087
0.6779042089347223
0.6895623383755964
0.6801488530227465
0.6995960142204922
0.6729245198843256
0.6907496454073421
0.6850590073084537
0.7181246688926644
0.6779750557775721
0.7080859896303565
0.708740751825028
0.6526219384114653
0.6543607158705274
0.659752726284713
0.681093497183403
0.6893867584202695
0.694527497081118
0.6705561438126137
0.6825906318969278
0.7075265653920242
0.6573729213882699
0.6862548889864678
0.6743842625865837
0.6956065520915493
0.7148388831144017
0.6940864259259082
0.7229659002601837
0.7126906882556654
0.7013886830240852
0.6928002750564705
0.7217508315202507
0.7022535764520557
0.7046387357126591
0.7036230421443546
0.692698539987955
0.6800936502302515
0.6935164789074532
0.6987612314336037
0.6987630084744175
0.6986666252973379
0.6845540617969817
0.6871125706146507
0.7036389090934834
0.6899468561035217
0.6955493560158122
0.6729799836486303
0.6859782278161943
0.6831223957760362
0.6990610833932995
0.7044701637392417
0.6819190515135387
0.6871804475841871
0.6769069171567762
0.6885177313522086
0.7062902608054874
0.6880814013032078
0.7002688589545858
0.685731988790243
0.6800131834932417
0.6978491023427513
0.6788101280834887
0.6843367543013746
0.6916064044861914
0.6955435468457754
0.6996820860833769
0.7016577024999809
0.6977884354337629
0.6984310501544536
0.7180415851718643
0.7066659063278538
0.70082036767495
0.706464986137426
0.7075479211807434
0.7154489066761657
0.7053352905286513
0.6941055303179166
0.6843797244462748
0.6926787180514816
0.7045485989047184
0.7103290982312209
0.7108090177010417
0.7133328533340898
0.7196576674742663
0.7049538941746741
0.7237950295837904
0.6835532533602855
0.7048974506216252
0.6987335137706266
0.6993420771791765
0.6953938197692114
0.7009486958517088
0.7029106013700446
0.6881410071184716
0.6948359907785624
0.6863986095056132
0.7078850716521637
0.7028805994093011
0.6998278682455153
0.6947875111309598
0.6999724532952474
0.7221266383341044
0.7010504356546611
0.7079521336454861
0.6931812568938918
0.696212205513868
0.6999964234300875
0.7218798338839857
0.7215564663318385
0.7030665730495402
0.695734743387785
0.6918021275636688
0.6936163846410413
0.6816267910646644
0.6863299106041418
0.7038889016296143
0.6770892700223454
0.700866388929156
0.6855011119062967
0.6750327866931684
0.6914100744578398
0.7153221059798058
0.7069875728406085
0.6793483235819947
0.6921002215427006
0.7168931187760776
0.7044269583619456
0.6909098170726816
0.6746913474978591
0.7056911165129596
0.6837083193346704
0.6976743602948134
0.6823276902344059
0.6866728736918306
0.6858408452123403
0.6977417317837159
0.6922131414319246
0.7076631870830993
0.701026844183657
0.6954536010944967
0.6752264049776969
0.6892704912169698
0.6728236895589086
0.6726520677367147
0.6729885211142794
0.6845977818888052
0.6938777643065426
0.6953333844388662
0.6787923769657705
0.6885751298268417
0.6762851236837375
0.6826037736969855
0.6895237845951845
0.7226440911726768
0.6984672021083211
0.6764646971628115
0.6800152667029947
0.6979043388908904
0.6911674054834795
0.687462561497225
0.6888323177664267
0.683763461784537
0.7014107129190436
0.6846907113486662
0.6893818188500306
0.6742764274133735
0.6745845174566631
0.68988571189246
0.6848386078655099
0.6825060620659469
0.6922714995753153
0.7037040728582936
0.6896907714736956
0.700428616039888
0.69479684815522
0.7018563504541186
0.6996612019954818
0.6948442006546635
0.680628639858228
0.6780922572829303
0.7045086094345757
0.6999910776554528
0.7032086290322942
0.695807548845848
0.6790046780754568
0.6938891237827576
0.6935527836369656
0.6893776827976709
0.6831032368077903
0.6904913475327482
0.6693742673059945
0.6603119546644078
0.6819748788761939
0.6757882624820113
0.6672990338870517
0.6756457864519
0.6742247383994541
0.6763083860952612
